2021-08-13 00:00:28.072  INFO 18248 --- [AsyncResolver-bootstrap-executor-0] c.n.d.s.r.aws.ConfigClusterResolver      : Resolving eureka endpoints via configuration
2021-08-13 00:39:38.719  INFO 12980 --- [main] c.t.stockapp.orderms.OrderApplication    : Starting OrderApplication using Java 1.8.0_291 on HemanthVenkat with PID 12980 (C:\Users\Hemanth Venkat\Desktop\CAPGEMINI\workspace\StockApp\stockmanagementapplication\orderms\build\classes\java\main started by Hemanth Venkat in C:\Users\Hemanth Venkat\Desktop\CAPGEMINI\workspace\StockApp\stockmanagementapplication\orderms)
2021-08-13 00:39:38.722  INFO 12980 --- [main] c.t.stockapp.orderms.OrderApplication    : No active profile set, falling back to default profiles: default
2021-08-13 00:39:39.825  INFO 12980 --- [main] .s.d.r.c.RepositoryConfigurationDelegate : Bootstrapping Spring Data JPA repositories in DEFAULT mode.
2021-08-13 00:39:39.904  INFO 12980 --- [main] .s.d.r.c.RepositoryConfigurationDelegate : Finished Spring Data repository scanning in 68 ms. Found 2 JPA repository interfaces.
2021-08-13 00:39:40.140  INFO 12980 --- [main] o.s.cloud.context.scope.GenericScope     : BeanFactory id=769a9069-28e5-3be3-a739-2d20ca38a92f
2021-08-13 00:39:40.795  INFO 12980 --- [main] o.s.b.w.embedded.tomcat.TomcatWebServer  : Tomcat initialized with port(s): 8495 (http)
2021-08-13 00:39:40.804  INFO 12980 --- [main] o.apache.catalina.core.StandardService   : Starting service [Tomcat]
2021-08-13 00:39:40.804  INFO 12980 --- [main] org.apache.catalina.core.StandardEngine  : Starting Servlet engine: [Apache Tomcat/9.0.48]
2021-08-13 00:39:40.925  INFO 12980 --- [main] o.a.c.c.C.[Tomcat].[localhost].[/]       : Initializing Spring embedded WebApplicationContext
2021-08-13 00:39:40.926  INFO 12980 --- [main] w.s.c.ServletWebServerApplicationContext : Root WebApplicationContext: initialization completed in 2143 ms
2021-08-13 00:39:41.201  INFO 12980 --- [main] o.hibernate.jpa.internal.util.LogHelper  : HHH000204: Processing PersistenceUnitInfo [name: default]
2021-08-13 00:39:41.254  INFO 12980 --- [main] org.hibernate.Version                    : HHH000412: Hibernate ORM core version 5.4.32.Final
2021-08-13 00:39:41.377  INFO 12980 --- [main] o.hibernate.annotations.common.Version   : HCANN000001: Hibernate Commons Annotations {5.1.2.Final}
2021-08-13 00:39:41.479  INFO 12980 --- [main] com.zaxxer.hikari.HikariDataSource       : HikariPool-1 - Starting...
2021-08-13 00:39:41.980  INFO 12980 --- [main] com.zaxxer.hikari.HikariDataSource       : HikariPool-1 - Start completed.
2021-08-13 00:39:41.996  INFO 12980 --- [main] org.hibernate.dialect.Dialect            : HHH000400: Using dialect: org.hibernate.dialect.PostgreSQL95Dialect
2021-08-13 00:39:42.943  INFO 12980 --- [main] o.h.e.t.j.p.i.JtaPlatformInitiator       : HHH000490: Using JtaPlatform implementation: [org.hibernate.engine.transaction.jta.platform.internal.NoJtaPlatform]
2021-08-13 00:39:42.954  INFO 12980 --- [main] j.LocalContainerEntityManagerFactoryBean : Initialized JPA EntityManagerFactory for persistence unit 'default'
2021-08-13 00:39:43.536  WARN 12980 --- [main] JpaBaseConfiguration$JpaWebConfiguration : spring.jpa.open-in-view is enabled by default. Therefore, database queries may be performed during view rendering. Explicitly configure spring.jpa.open-in-view to disable this warning
2021-08-13 00:39:45.507  INFO 12980 --- [main] DiscoveryClientOptionalArgsConfiguration : Eureka HTTP Client uses RestTemplate.
2021-08-13 00:39:45.564  WARN 12980 --- [main] iguration$LoadBalancerCaffeineWarnLogger : Spring Cloud LoadBalancer is currently working with the default cache. You can switch to using Caffeine cache, by adding it and org.springframework.cache.caffeine.CaffeineCacheManager to the classpath.
2021-08-13 00:39:45.570  INFO 12980 --- [main] o.s.b.a.e.web.EndpointLinksResolver      : Exposing 17 endpoint(s) beneath base path '/actuator'
2021-08-13 00:39:45.609  INFO 12980 --- [main] o.s.c.n.eureka.InstanceInfoFactory       : Setting initial instance status as: STARTING
2021-08-13 00:39:45.669  INFO 12980 --- [main] com.netflix.discovery.DiscoveryClient    : Initializing Eureka in region us-east-1
2021-08-13 00:39:45.674  INFO 12980 --- [main] c.n.d.s.r.aws.ConfigClusterResolver      : Resolving eureka endpoints via configuration
2021-08-13 00:39:45.695  INFO 12980 --- [main] com.netflix.discovery.DiscoveryClient    : Disable delta property : false
2021-08-13 00:39:45.695  INFO 12980 --- [main] com.netflix.discovery.DiscoveryClient    : Single vip registry refresh property : null
2021-08-13 00:39:45.695  INFO 12980 --- [main] com.netflix.discovery.DiscoveryClient    : Force full registry fetch : false
2021-08-13 00:39:45.695  INFO 12980 --- [main] com.netflix.discovery.DiscoveryClient    : Application is null : false
2021-08-13 00:39:45.695  INFO 12980 --- [main] com.netflix.discovery.DiscoveryClient    : Registered Applications size is zero : true
2021-08-13 00:39:45.696  INFO 12980 --- [main] com.netflix.discovery.DiscoveryClient    : Application version is -1: true
2021-08-13 00:39:45.696  INFO 12980 --- [main] com.netflix.discovery.DiscoveryClient    : Getting all instance registry info from the eureka server
2021-08-13 00:39:46.039  INFO 12980 --- [main] com.netflix.discovery.DiscoveryClient    : The response status is 200
2021-08-13 00:39:46.042  INFO 12980 --- [main] com.netflix.discovery.DiscoveryClient    : Starting heartbeat executor: renew interval is: 30
2021-08-13 00:39:46.043  INFO 12980 --- [main] c.n.discovery.InstanceInfoReplicator     : InstanceInfoReplicator onDemand update allowed rate per min is 4
2021-08-13 00:39:46.048  INFO 12980 --- [main] com.netflix.discovery.DiscoveryClient    : Discovery Client initialized at timestamp 1628795386047 with initial instances count: 2
2021-08-13 00:39:46.049  INFO 12980 --- [main] o.s.c.n.e.s.EurekaServiceRegistry        : Registering application ORDERMS with eureka with status UP
2021-08-13 00:39:46.050  INFO 12980 --- [main] com.netflix.discovery.DiscoveryClient    : Saw local status change event StatusChangeEvent [timestamp=1628795386050, current=UP, previous=STARTING]
2021-08-13 00:39:46.052  INFO 12980 --- [DiscoveryClient-InstanceInfoReplicator-0] com.netflix.discovery.DiscoveryClient    : DiscoveryClient_ORDERMS/HemanthVenkat:orderms:8495: registering service...
2021-08-13 00:39:46.074  INFO 12980 --- [main] o.s.b.w.embedded.tomcat.TomcatWebServer  : Tomcat started on port(s): 8495 (http) with context path ''
2021-08-13 00:39:46.075  INFO 12980 --- [main] .s.c.n.e.s.EurekaAutoServiceRegistration : Updating port to 8495
2021-08-13 00:39:46.122  INFO 12980 --- [DiscoveryClient-InstanceInfoReplicator-0] com.netflix.discovery.DiscoveryClient    : DiscoveryClient_ORDERMS/HemanthVenkat:orderms:8495 - registration status: 204
2021-08-13 00:39:46.499  INFO 12980 --- [main] c.t.stockapp.orderms.OrderApplication    : Started OrderApplication in 8.654 seconds (JVM running for 9.162)
2021-08-13 00:39:46.506  INFO 12980 --- [main] c.t.stockapp.orderms.OrderApplication    : ***Repository added successfully
2021-08-13 00:39:46.506  INFO 12980 --- [main] c.t.stockapp.orderms.OrderApplication    : ***Service method tested successfully
2021-08-13 00:42:32.813  INFO 12980 --- [http-nio-8495-exec-1] o.a.c.c.C.[Tomcat].[localhost].[/]       : Initializing Spring DispatcherServlet 'dispatcherServlet'
2021-08-13 00:42:32.813  INFO 12980 --- [http-nio-8495-exec-1] o.s.web.servlet.DispatcherServlet        : Initializing Servlet 'dispatcherServlet'
2021-08-13 00:42:32.815  INFO 12980 --- [http-nio-8495-exec-1] o.s.web.servlet.DispatcherServlet        : Completed initialization in 1 ms
2021-08-13 00:42:33.705  INFO 12980 --- [http-nio-8495-exec-3] o.springdoc.api.AbstractOpenApiResource  : Init duration for springdoc-openapi is: 337 ms
2021-08-13 00:44:45.708  INFO 12980 --- [AsyncResolver-bootstrap-executor-0] c.n.d.s.r.aws.ConfigClusterResolver      : Resolving eureka endpoints via configuration
2021-08-13 00:45:21.446  WARN 12980 --- [boundedElastic-1] o.s.c.l.core.RoundRobinLoadBalancer      : No servers available for service: stockms
2021-08-13 00:45:21.459 ERROR 12980 --- [http-nio-8495-exec-1] o.a.c.c.C.[.[.[/].[dispatcherServlet]    : Servlet.service() for servlet [dispatcherServlet] in context with path [] threw exception [Request processing failed; nested exception is java.lang.IllegalStateException: No instances available for stockms] with root cause

java.lang.IllegalStateException: No instances available for stockms
	at org.springframework.cloud.loadbalancer.blocking.client.BlockingLoadBalancerClient.execute(BlockingLoadBalancerClient.java:79) ~[spring-cloud-loadbalancer-3.0.3.jar:3.0.3]
	at org.springframework.cloud.client.loadbalancer.LoadBalancerInterceptor.intercept(LoadBalancerInterceptor.java:56) ~[spring-cloud-commons-3.0.3.jar:3.0.3]
	at org.springframework.http.client.InterceptingClientHttpRequest$InterceptingRequestExecution.execute(InterceptingClientHttpRequest.java:93) ~[spring-web-5.3.8.jar:5.3.8]
	at org.springframework.http.client.InterceptingClientHttpRequest.executeInternal(InterceptingClientHttpRequest.java:77) ~[spring-web-5.3.8.jar:5.3.8]
	at org.springframework.http.client.AbstractBufferingClientHttpRequest.executeInternal(AbstractBufferingClientHttpRequest.java:48) ~[spring-web-5.3.8.jar:5.3.8]
	at org.springframework.http.client.AbstractClientHttpRequest.execute(AbstractClientHttpRequest.java:66) ~[spring-web-5.3.8.jar:5.3.8]
	at org.springframework.web.client.RestTemplate.doExecute(RestTemplate.java:776) ~[spring-web-5.3.8.jar:5.3.8]
	at org.springframework.web.client.RestTemplate.execute(RestTemplate.java:711) ~[spring-web-5.3.8.jar:5.3.8]
	at org.springframework.web.client.RestTemplate.getForObject(RestTemplate.java:334) ~[spring-web-5.3.8.jar:5.3.8]
	at com.trainingapps.stockapp.orderms.util.OrderUtil.fetchStockDetails(OrderUtil.java:139) ~[main/:na]
	at com.trainingapps.stockapp.orderms.util.OrderUtil.fetchPrices(OrderUtil.java:59) ~[main/:na]
	at com.trainingapps.stockapp.orderms.util.OrderUtil.fetchPricesFromStock(OrderUtil.java:76) ~[main/:na]
	at com.trainingapps.stockapp.orderms.service.CreatedOrderServiceImpl.createOrder(CreatedOrderServiceImpl.java:52) ~[main/:na]
	at com.trainingapps.stockapp.orderms.service.CreatedOrderServiceImpl$$FastClassBySpringCGLIB$$60c6108e.invoke(<generated>) ~[main/:na]
	at org.springframework.cglib.proxy.MethodProxy.invoke(MethodProxy.java:218) ~[spring-core-5.3.8.jar:5.3.8]
	at org.springframework.aop.framework.CglibAopProxy$CglibMethodInvocation.invokeJoinpoint(CglibAopProxy.java:779) ~[spring-aop-5.3.8.jar:5.3.8]
	at org.springframework.aop.framework.ReflectiveMethodInvocation.proceed(ReflectiveMethodInvocation.java:163) ~[spring-aop-5.3.8.jar:5.3.8]
	at org.springframework.aop.framework.CglibAopProxy$CglibMethodInvocation.proceed(CglibAopProxy.java:750) ~[spring-aop-5.3.8.jar:5.3.8]
	at org.springframework.validation.beanvalidation.MethodValidationInterceptor.invoke(MethodValidationInterceptor.java:123) ~[spring-context-5.3.8.jar:5.3.8]
	at org.springframework.aop.framework.ReflectiveMethodInvocation.proceed(ReflectiveMethodInvocation.java:186) ~[spring-aop-5.3.8.jar:5.3.8]
	at org.springframework.aop.framework.CglibAopProxy$CglibMethodInvocation.proceed(CglibAopProxy.java:750) ~[spring-aop-5.3.8.jar:5.3.8]
	at org.springframework.aop.framework.CglibAopProxy$DynamicAdvisedInterceptor.intercept(CglibAopProxy.java:692) ~[spring-aop-5.3.8.jar:5.3.8]
	at com.trainingapps.stockapp.orderms.service.CreatedOrderServiceImpl$$EnhancerBySpringCGLIB$$e0258f1a.createOrder(<generated>) ~[main/:na]
	at com.trainingapps.stockapp.orderms.controllers.OrdermsController.addOrder(OrdermsController.java:36) ~[main/:na]
	at sun.reflect.NativeMethodAccessorImpl.invoke0(Native Method) ~[na:1.8.0_291]
	at sun.reflect.NativeMethodAccessorImpl.invoke(NativeMethodAccessorImpl.java:62) ~[na:1.8.0_291]
	at sun.reflect.DelegatingMethodAccessorImpl.invoke(DelegatingMethodAccessorImpl.java:43) ~[na:1.8.0_291]
	at java.lang.reflect.Method.invoke(Method.java:498) ~[na:1.8.0_291]
	at org.springframework.web.method.support.InvocableHandlerMethod.doInvoke(InvocableHandlerMethod.java:197) ~[spring-web-5.3.8.jar:5.3.8]
	at org.springframework.web.method.support.InvocableHandlerMethod.invokeForRequest(InvocableHandlerMethod.java:141) ~[spring-web-5.3.8.jar:5.3.8]
	at org.springframework.web.servlet.mvc.method.annotation.ServletInvocableHandlerMethod.invokeAndHandle(ServletInvocableHandlerMethod.java:106) ~[spring-webmvc-5.3.8.jar:5.3.8]
	at org.springframework.web.servlet.mvc.method.annotation.RequestMappingHandlerAdapter.invokeHandlerMethod(RequestMappingHandlerAdapter.java:894) ~[spring-webmvc-5.3.8.jar:5.3.8]
	at org.springframework.web.servlet.mvc.method.annotation.RequestMappingHandlerAdapter.handleInternal(RequestMappingHandlerAdapter.java:808) ~[spring-webmvc-5.3.8.jar:5.3.8]
	at org.springframework.web.servlet.mvc.method.AbstractHandlerMethodAdapter.handle(AbstractHandlerMethodAdapter.java:87) ~[spring-webmvc-5.3.8.jar:5.3.8]
	at org.springframework.web.servlet.DispatcherServlet.doDispatch(DispatcherServlet.java:1063) ~[spring-webmvc-5.3.8.jar:5.3.8]
	at org.springframework.web.servlet.DispatcherServlet.doService(DispatcherServlet.java:963) ~[spring-webmvc-5.3.8.jar:5.3.8]
	at org.springframework.web.servlet.FrameworkServlet.processRequest(FrameworkServlet.java:1006) ~[spring-webmvc-5.3.8.jar:5.3.8]
	at org.springframework.web.servlet.FrameworkServlet.doPost(FrameworkServlet.java:909) ~[spring-webmvc-5.3.8.jar:5.3.8]
	at javax.servlet.http.HttpServlet.service(HttpServlet.java:681) ~[tomcat-embed-core-9.0.48.jar:4.0.FR]
	at org.springframework.web.servlet.FrameworkServlet.service(FrameworkServlet.java:883) ~[spring-webmvc-5.3.8.jar:5.3.8]
	at javax.servlet.http.HttpServlet.service(HttpServlet.java:764) ~[tomcat-embed-core-9.0.48.jar:4.0.FR]
	at org.apache.catalina.core.ApplicationFilterChain.internalDoFilter(ApplicationFilterChain.java:228) ~[tomcat-embed-core-9.0.48.jar:9.0.48]
	at org.apache.catalina.core.ApplicationFilterChain.doFilter(ApplicationFilterChain.java:163) ~[tomcat-embed-core-9.0.48.jar:9.0.48]
	at org.apache.tomcat.websocket.server.WsFilter.doFilter(WsFilter.java:53) ~[tomcat-embed-websocket-9.0.48.jar:9.0.48]
	at org.apache.catalina.core.ApplicationFilterChain.internalDoFilter(ApplicationFilterChain.java:190) ~[tomcat-embed-core-9.0.48.jar:9.0.48]
	at org.apache.catalina.core.ApplicationFilterChain.doFilter(ApplicationFilterChain.java:163) ~[tomcat-embed-core-9.0.48.jar:9.0.48]
	at org.springframework.web.filter.RequestContextFilter.doFilterInternal(RequestContextFilter.java:100) ~[spring-web-5.3.8.jar:5.3.8]
	at org.springframework.web.filter.OncePerRequestFilter.doFilter(OncePerRequestFilter.java:119) ~[spring-web-5.3.8.jar:5.3.8]
	at org.apache.catalina.core.ApplicationFilterChain.internalDoFilter(ApplicationFilterChain.java:190) ~[tomcat-embed-core-9.0.48.jar:9.0.48]
	at org.apache.catalina.core.ApplicationFilterChain.doFilter(ApplicationFilterChain.java:163) ~[tomcat-embed-core-9.0.48.jar:9.0.48]
	at org.springframework.web.filter.FormContentFilter.doFilterInternal(FormContentFilter.java:93) ~[spring-web-5.3.8.jar:5.3.8]
	at org.springframework.web.filter.OncePerRequestFilter.doFilter(OncePerRequestFilter.java:119) ~[spring-web-5.3.8.jar:5.3.8]
	at org.apache.catalina.core.ApplicationFilterChain.internalDoFilter(ApplicationFilterChain.java:190) ~[tomcat-embed-core-9.0.48.jar:9.0.48]
	at org.apache.catalina.core.ApplicationFilterChain.doFilter(ApplicationFilterChain.java:163) ~[tomcat-embed-core-9.0.48.jar:9.0.48]
	at org.springframework.boot.actuate.metrics.web.servlet.WebMvcMetricsFilter.doFilterInternal(WebMvcMetricsFilter.java:96) ~[spring-boot-actuator-2.5.2.jar:2.5.2]
	at org.springframework.web.filter.OncePerRequestFilter.doFilter(OncePerRequestFilter.java:119) ~[spring-web-5.3.8.jar:5.3.8]
	at org.apache.catalina.core.ApplicationFilterChain.internalDoFilter(ApplicationFilterChain.java:190) ~[tomcat-embed-core-9.0.48.jar:9.0.48]
	at org.apache.catalina.core.ApplicationFilterChain.doFilter(ApplicationFilterChain.java:163) ~[tomcat-embed-core-9.0.48.jar:9.0.48]
	at org.springframework.web.filter.CharacterEncodingFilter.doFilterInternal(CharacterEncodingFilter.java:201) ~[spring-web-5.3.8.jar:5.3.8]
	at org.springframework.web.filter.OncePerRequestFilter.doFilter(OncePerRequestFilter.java:119) ~[spring-web-5.3.8.jar:5.3.8]
	at org.apache.catalina.core.ApplicationFilterChain.internalDoFilter(ApplicationFilterChain.java:190) ~[tomcat-embed-core-9.0.48.jar:9.0.48]
	at org.apache.catalina.core.ApplicationFilterChain.doFilter(ApplicationFilterChain.java:163) ~[tomcat-embed-core-9.0.48.jar:9.0.48]
	at org.apache.catalina.core.StandardWrapperValve.invoke(StandardWrapperValve.java:202) ~[tomcat-embed-core-9.0.48.jar:9.0.48]
	at org.apache.catalina.core.StandardContextValve.invoke(StandardContextValve.java:97) [tomcat-embed-core-9.0.48.jar:9.0.48]
	at org.apache.catalina.authenticator.AuthenticatorBase.invoke(AuthenticatorBase.java:542) [tomcat-embed-core-9.0.48.jar:9.0.48]
	at org.apache.catalina.core.StandardHostValve.invoke(StandardHostValve.java:143) [tomcat-embed-core-9.0.48.jar:9.0.48]
	at org.apache.catalina.valves.ErrorReportValve.invoke(ErrorReportValve.java:92) [tomcat-embed-core-9.0.48.jar:9.0.48]
	at org.apache.catalina.core.StandardEngineValve.invoke(StandardEngineValve.java:78) [tomcat-embed-core-9.0.48.jar:9.0.48]
	at org.apache.catalina.connector.CoyoteAdapter.service(CoyoteAdapter.java:357) [tomcat-embed-core-9.0.48.jar:9.0.48]
	at org.apache.coyote.http11.Http11Processor.service(Http11Processor.java:382) [tomcat-embed-core-9.0.48.jar:9.0.48]
	at org.apache.coyote.AbstractProcessorLight.process(AbstractProcessorLight.java:65) [tomcat-embed-core-9.0.48.jar:9.0.48]
	at org.apache.coyote.AbstractProtocol$ConnectionHandler.process(AbstractProtocol.java:893) [tomcat-embed-core-9.0.48.jar:9.0.48]
	at org.apache.tomcat.util.net.NioEndpoint$SocketProcessor.doRun(NioEndpoint.java:1723) [tomcat-embed-core-9.0.48.jar:9.0.48]
	at org.apache.tomcat.util.net.SocketProcessorBase.run(SocketProcessorBase.java:49) [tomcat-embed-core-9.0.48.jar:9.0.48]
	at java.util.concurrent.ThreadPoolExecutor.runWorker(ThreadPoolExecutor.java:1149) [na:1.8.0_291]
	at java.util.concurrent.ThreadPoolExecutor$Worker.run(ThreadPoolExecutor.java:624) [na:1.8.0_291]
	at org.apache.tomcat.util.threads.TaskThread$WrappingRunnable.run(TaskThread.java:61) [tomcat-embed-core-9.0.48.jar:9.0.48]
	at java.lang.Thread.run(Thread.java:748) [na:1.8.0_291]

2021-08-13 00:45:25.868  WARN 12980 --- [boundedElastic-1] o.s.c.l.core.RoundRobinLoadBalancer      : No servers available for service: stockms
2021-08-13 00:45:25.873 ERROR 12980 --- [http-nio-8495-exec-2] o.a.c.c.C.[.[.[/].[dispatcherServlet]    : Servlet.service() for servlet [dispatcherServlet] in context with path [] threw exception [Request processing failed; nested exception is java.lang.IllegalStateException: No instances available for stockms] with root cause

java.lang.IllegalStateException: No instances available for stockms
	at org.springframework.cloud.loadbalancer.blocking.client.BlockingLoadBalancerClient.execute(BlockingLoadBalancerClient.java:79) ~[spring-cloud-loadbalancer-3.0.3.jar:3.0.3]
	at org.springframework.cloud.client.loadbalancer.LoadBalancerInterceptor.intercept(LoadBalancerInterceptor.java:56) ~[spring-cloud-commons-3.0.3.jar:3.0.3]
	at org.springframework.http.client.InterceptingClientHttpRequest$InterceptingRequestExecution.execute(InterceptingClientHttpRequest.java:93) ~[spring-web-5.3.8.jar:5.3.8]
	at org.springframework.http.client.InterceptingClientHttpRequest.executeInternal(InterceptingClientHttpRequest.java:77) ~[spring-web-5.3.8.jar:5.3.8]
	at org.springframework.http.client.AbstractBufferingClientHttpRequest.executeInternal(AbstractBufferingClientHttpRequest.java:48) ~[spring-web-5.3.8.jar:5.3.8]
	at org.springframework.http.client.AbstractClientHttpRequest.execute(AbstractClientHttpRequest.java:66) ~[spring-web-5.3.8.jar:5.3.8]
	at org.springframework.web.client.RestTemplate.doExecute(RestTemplate.java:776) ~[spring-web-5.3.8.jar:5.3.8]
	at org.springframework.web.client.RestTemplate.execute(RestTemplate.java:711) ~[spring-web-5.3.8.jar:5.3.8]
	at org.springframework.web.client.RestTemplate.getForObject(RestTemplate.java:334) ~[spring-web-5.3.8.jar:5.3.8]
	at com.trainingapps.stockapp.orderms.util.OrderUtil.fetchStockDetails(OrderUtil.java:139) ~[main/:na]
	at com.trainingapps.stockapp.orderms.util.OrderUtil.fetchPrices(OrderUtil.java:59) ~[main/:na]
	at com.trainingapps.stockapp.orderms.util.OrderUtil.fetchPricesFromStock(OrderUtil.java:76) ~[main/:na]
	at com.trainingapps.stockapp.orderms.service.CreatedOrderServiceImpl.createOrder(CreatedOrderServiceImpl.java:52) ~[main/:na]
	at com.trainingapps.stockapp.orderms.service.CreatedOrderServiceImpl$$FastClassBySpringCGLIB$$60c6108e.invoke(<generated>) ~[main/:na]
	at org.springframework.cglib.proxy.MethodProxy.invoke(MethodProxy.java:218) ~[spring-core-5.3.8.jar:5.3.8]
	at org.springframework.aop.framework.CglibAopProxy$CglibMethodInvocation.invokeJoinpoint(CglibAopProxy.java:779) ~[spring-aop-5.3.8.jar:5.3.8]
	at org.springframework.aop.framework.ReflectiveMethodInvocation.proceed(ReflectiveMethodInvocation.java:163) ~[spring-aop-5.3.8.jar:5.3.8]
	at org.springframework.aop.framework.CglibAopProxy$CglibMethodInvocation.proceed(CglibAopProxy.java:750) ~[spring-aop-5.3.8.jar:5.3.8]
	at org.springframework.validation.beanvalidation.MethodValidationInterceptor.invoke(MethodValidationInterceptor.java:123) ~[spring-context-5.3.8.jar:5.3.8]
	at org.springframework.aop.framework.ReflectiveMethodInvocation.proceed(ReflectiveMethodInvocation.java:186) ~[spring-aop-5.3.8.jar:5.3.8]
	at org.springframework.aop.framework.CglibAopProxy$CglibMethodInvocation.proceed(CglibAopProxy.java:750) ~[spring-aop-5.3.8.jar:5.3.8]
	at org.springframework.aop.framework.CglibAopProxy$DynamicAdvisedInterceptor.intercept(CglibAopProxy.java:692) ~[spring-aop-5.3.8.jar:5.3.8]
	at com.trainingapps.stockapp.orderms.service.CreatedOrderServiceImpl$$EnhancerBySpringCGLIB$$e0258f1a.createOrder(<generated>) ~[main/:na]
	at com.trainingapps.stockapp.orderms.controllers.OrdermsController.addOrder(OrdermsController.java:36) ~[main/:na]
	at sun.reflect.NativeMethodAccessorImpl.invoke0(Native Method) ~[na:1.8.0_291]
	at sun.reflect.NativeMethodAccessorImpl.invoke(NativeMethodAccessorImpl.java:62) ~[na:1.8.0_291]
	at sun.reflect.DelegatingMethodAccessorImpl.invoke(DelegatingMethodAccessorImpl.java:43) ~[na:1.8.0_291]
	at java.lang.reflect.Method.invoke(Method.java:498) ~[na:1.8.0_291]
	at org.springframework.web.method.support.InvocableHandlerMethod.doInvoke(InvocableHandlerMethod.java:197) ~[spring-web-5.3.8.jar:5.3.8]
	at org.springframework.web.method.support.InvocableHandlerMethod.invokeForRequest(InvocableHandlerMethod.java:141) ~[spring-web-5.3.8.jar:5.3.8]
	at org.springframework.web.servlet.mvc.method.annotation.ServletInvocableHandlerMethod.invokeAndHandle(ServletInvocableHandlerMethod.java:106) ~[spring-webmvc-5.3.8.jar:5.3.8]
	at org.springframework.web.servlet.mvc.method.annotation.RequestMappingHandlerAdapter.invokeHandlerMethod(RequestMappingHandlerAdapter.java:894) ~[spring-webmvc-5.3.8.jar:5.3.8]
	at org.springframework.web.servlet.mvc.method.annotation.RequestMappingHandlerAdapter.handleInternal(RequestMappingHandlerAdapter.java:808) ~[spring-webmvc-5.3.8.jar:5.3.8]
	at org.springframework.web.servlet.mvc.method.AbstractHandlerMethodAdapter.handle(AbstractHandlerMethodAdapter.java:87) ~[spring-webmvc-5.3.8.jar:5.3.8]
	at org.springframework.web.servlet.DispatcherServlet.doDispatch(DispatcherServlet.java:1063) ~[spring-webmvc-5.3.8.jar:5.3.8]
	at org.springframework.web.servlet.DispatcherServlet.doService(DispatcherServlet.java:963) ~[spring-webmvc-5.3.8.jar:5.3.8]
	at org.springframework.web.servlet.FrameworkServlet.processRequest(FrameworkServlet.java:1006) ~[spring-webmvc-5.3.8.jar:5.3.8]
	at org.springframework.web.servlet.FrameworkServlet.doPost(FrameworkServlet.java:909) ~[spring-webmvc-5.3.8.jar:5.3.8]
	at javax.servlet.http.HttpServlet.service(HttpServlet.java:681) ~[tomcat-embed-core-9.0.48.jar:4.0.FR]
	at org.springframework.web.servlet.FrameworkServlet.service(FrameworkServlet.java:883) ~[spring-webmvc-5.3.8.jar:5.3.8]
	at javax.servlet.http.HttpServlet.service(HttpServlet.java:764) ~[tomcat-embed-core-9.0.48.jar:4.0.FR]
	at org.apache.catalina.core.ApplicationFilterChain.internalDoFilter(ApplicationFilterChain.java:228) ~[tomcat-embed-core-9.0.48.jar:9.0.48]
	at org.apache.catalina.core.ApplicationFilterChain.doFilter(ApplicationFilterChain.java:163) ~[tomcat-embed-core-9.0.48.jar:9.0.48]
	at org.apache.tomcat.websocket.server.WsFilter.doFilter(WsFilter.java:53) ~[tomcat-embed-websocket-9.0.48.jar:9.0.48]
	at org.apache.catalina.core.ApplicationFilterChain.internalDoFilter(ApplicationFilterChain.java:190) ~[tomcat-embed-core-9.0.48.jar:9.0.48]
	at org.apache.catalina.core.ApplicationFilterChain.doFilter(ApplicationFilterChain.java:163) ~[tomcat-embed-core-9.0.48.jar:9.0.48]
	at org.springframework.web.filter.RequestContextFilter.doFilterInternal(RequestContextFilter.java:100) ~[spring-web-5.3.8.jar:5.3.8]
	at org.springframework.web.filter.OncePerRequestFilter.doFilter(OncePerRequestFilter.java:119) ~[spring-web-5.3.8.jar:5.3.8]
	at org.apache.catalina.core.ApplicationFilterChain.internalDoFilter(ApplicationFilterChain.java:190) ~[tomcat-embed-core-9.0.48.jar:9.0.48]
	at org.apache.catalina.core.ApplicationFilterChain.doFilter(ApplicationFilterChain.java:163) ~[tomcat-embed-core-9.0.48.jar:9.0.48]
	at org.springframework.web.filter.FormContentFilter.doFilterInternal(FormContentFilter.java:93) ~[spring-web-5.3.8.jar:5.3.8]
	at org.springframework.web.filter.OncePerRequestFilter.doFilter(OncePerRequestFilter.java:119) ~[spring-web-5.3.8.jar:5.3.8]
	at org.apache.catalina.core.ApplicationFilterChain.internalDoFilter(ApplicationFilterChain.java:190) ~[tomcat-embed-core-9.0.48.jar:9.0.48]
	at org.apache.catalina.core.ApplicationFilterChain.doFilter(ApplicationFilterChain.java:163) ~[tomcat-embed-core-9.0.48.jar:9.0.48]
	at org.springframework.boot.actuate.metrics.web.servlet.WebMvcMetricsFilter.doFilterInternal(WebMvcMetricsFilter.java:96) ~[spring-boot-actuator-2.5.2.jar:2.5.2]
	at org.springframework.web.filter.OncePerRequestFilter.doFilter(OncePerRequestFilter.java:119) ~[spring-web-5.3.8.jar:5.3.8]
	at org.apache.catalina.core.ApplicationFilterChain.internalDoFilter(ApplicationFilterChain.java:190) ~[tomcat-embed-core-9.0.48.jar:9.0.48]
	at org.apache.catalina.core.ApplicationFilterChain.doFilter(ApplicationFilterChain.java:163) ~[tomcat-embed-core-9.0.48.jar:9.0.48]
	at org.springframework.web.filter.CharacterEncodingFilter.doFilterInternal(CharacterEncodingFilter.java:201) ~[spring-web-5.3.8.jar:5.3.8]
	at org.springframework.web.filter.OncePerRequestFilter.doFilter(OncePerRequestFilter.java:119) ~[spring-web-5.3.8.jar:5.3.8]
	at org.apache.catalina.core.ApplicationFilterChain.internalDoFilter(ApplicationFilterChain.java:190) ~[tomcat-embed-core-9.0.48.jar:9.0.48]
	at org.apache.catalina.core.ApplicationFilterChain.doFilter(ApplicationFilterChain.java:163) ~[tomcat-embed-core-9.0.48.jar:9.0.48]
	at org.apache.catalina.core.StandardWrapperValve.invoke(StandardWrapperValve.java:202) ~[tomcat-embed-core-9.0.48.jar:9.0.48]
	at org.apache.catalina.core.StandardContextValve.invoke(StandardContextValve.java:97) [tomcat-embed-core-9.0.48.jar:9.0.48]
	at org.apache.catalina.authenticator.AuthenticatorBase.invoke(AuthenticatorBase.java:542) [tomcat-embed-core-9.0.48.jar:9.0.48]
	at org.apache.catalina.core.StandardHostValve.invoke(StandardHostValve.java:143) [tomcat-embed-core-9.0.48.jar:9.0.48]
	at org.apache.catalina.valves.ErrorReportValve.invoke(ErrorReportValve.java:92) [tomcat-embed-core-9.0.48.jar:9.0.48]
	at org.apache.catalina.core.StandardEngineValve.invoke(StandardEngineValve.java:78) [tomcat-embed-core-9.0.48.jar:9.0.48]
	at org.apache.catalina.connector.CoyoteAdapter.service(CoyoteAdapter.java:357) [tomcat-embed-core-9.0.48.jar:9.0.48]
	at org.apache.coyote.http11.Http11Processor.service(Http11Processor.java:382) [tomcat-embed-core-9.0.48.jar:9.0.48]
	at org.apache.coyote.AbstractProcessorLight.process(AbstractProcessorLight.java:65) [tomcat-embed-core-9.0.48.jar:9.0.48]
	at org.apache.coyote.AbstractProtocol$ConnectionHandler.process(AbstractProtocol.java:893) [tomcat-embed-core-9.0.48.jar:9.0.48]
	at org.apache.tomcat.util.net.NioEndpoint$SocketProcessor.doRun(NioEndpoint.java:1723) [tomcat-embed-core-9.0.48.jar:9.0.48]
	at org.apache.tomcat.util.net.SocketProcessorBase.run(SocketProcessorBase.java:49) [tomcat-embed-core-9.0.48.jar:9.0.48]
	at java.util.concurrent.ThreadPoolExecutor.runWorker(ThreadPoolExecutor.java:1149) [na:1.8.0_291]
	at java.util.concurrent.ThreadPoolExecutor$Worker.run(ThreadPoolExecutor.java:624) [na:1.8.0_291]
	at org.apache.tomcat.util.threads.TaskThread$WrappingRunnable.run(TaskThread.java:61) [tomcat-embed-core-9.0.48.jar:9.0.48]
	at java.lang.Thread.run(Thread.java:748) [na:1.8.0_291]

2021-08-13 00:45:38.521  WARN 12980 --- [http-nio-8495-exec-3] .w.s.m.s.DefaultHandlerExceptionResolver : Resolved [org.springframework.http.converter.HttpMessageNotReadableException: JSON parse error: Unexpected character ('}' (code 125)): was expecting double-quote to start field name; nested exception is com.fasterxml.jackson.databind.JsonMappingException: Unexpected character ('}' (code 125)): was expecting double-quote to start field name
 at [Source: (PushbackInputStream); line: 5, column: 4] (through reference chain: java.util.HashSet[0])]
2021-08-13 00:47:56.209  INFO 14980 --- [main] c.t.stockapp.orderms.OrderApplication    : Starting OrderApplication using Java 1.8.0_291 on HemanthVenkat with PID 14980 (C:\Users\Hemanth Venkat\Desktop\CAPGEMINI\workspace\StockApp\stockmanagementapplication\orderms\build\classes\java\main started by Hemanth Venkat in C:\Users\Hemanth Venkat\Desktop\CAPGEMINI\workspace\StockApp\stockmanagementapplication\orderms)
2021-08-13 00:47:56.216  INFO 14980 --- [main] c.t.stockapp.orderms.OrderApplication    : No active profile set, falling back to default profiles: default
2021-08-13 00:47:57.324  INFO 14980 --- [main] .s.d.r.c.RepositoryConfigurationDelegate : Bootstrapping Spring Data JPA repositories in DEFAULT mode.
2021-08-13 00:47:57.413  INFO 14980 --- [main] .s.d.r.c.RepositoryConfigurationDelegate : Finished Spring Data repository scanning in 79 ms. Found 2 JPA repository interfaces.
2021-08-13 00:47:57.715  INFO 14980 --- [main] o.s.cloud.context.scope.GenericScope     : BeanFactory id=769a9069-28e5-3be3-a739-2d20ca38a92f
2021-08-13 00:47:58.458  INFO 14980 --- [main] o.s.b.w.embedded.tomcat.TomcatWebServer  : Tomcat initialized with port(s): 8495 (http)
2021-08-13 00:47:58.488  INFO 14980 --- [main] o.apache.catalina.core.StandardService   : Starting service [Tomcat]
2021-08-13 00:47:58.488  INFO 14980 --- [main] org.apache.catalina.core.StandardEngine  : Starting Servlet engine: [Apache Tomcat/9.0.48]
2021-08-13 00:47:58.631  INFO 14980 --- [main] o.a.c.c.C.[Tomcat].[localhost].[/]       : Initializing Spring embedded WebApplicationContext
2021-08-13 00:47:58.631  INFO 14980 --- [main] w.s.c.ServletWebServerApplicationContext : Root WebApplicationContext: initialization completed in 2373 ms
2021-08-13 00:47:59.022  INFO 14980 --- [main] o.hibernate.jpa.internal.util.LogHelper  : HHH000204: Processing PersistenceUnitInfo [name: default]
2021-08-13 00:47:59.210  INFO 14980 --- [main] org.hibernate.Version                    : HHH000412: Hibernate ORM core version 5.4.32.Final
2021-08-13 00:47:59.572  INFO 14980 --- [main] o.hibernate.annotations.common.Version   : HCANN000001: Hibernate Commons Annotations {5.1.2.Final}
2021-08-13 00:47:59.726  INFO 14980 --- [main] com.zaxxer.hikari.HikariDataSource       : HikariPool-1 - Starting...
2021-08-13 00:48:00.422  INFO 14980 --- [main] com.zaxxer.hikari.HikariDataSource       : HikariPool-1 - Start completed.
2021-08-13 00:48:00.447  INFO 14980 --- [main] org.hibernate.dialect.Dialect            : HHH000400: Using dialect: org.hibernate.dialect.PostgreSQL95Dialect
2021-08-13 00:48:01.655  INFO 14980 --- [main] o.h.e.t.j.p.i.JtaPlatformInitiator       : HHH000490: Using JtaPlatform implementation: [org.hibernate.engine.transaction.jta.platform.internal.NoJtaPlatform]
2021-08-13 00:48:01.668  INFO 14980 --- [main] j.LocalContainerEntityManagerFactoryBean : Initialized JPA EntityManagerFactory for persistence unit 'default'
2021-08-13 00:48:02.276  WARN 14980 --- [main] JpaBaseConfiguration$JpaWebConfiguration : spring.jpa.open-in-view is enabled by default. Therefore, database queries may be performed during view rendering. Explicitly configure spring.jpa.open-in-view to disable this warning
2021-08-13 00:48:04.658  INFO 14980 --- [main] DiscoveryClientOptionalArgsConfiguration : Eureka HTTP Client uses RestTemplate.
2021-08-13 00:48:04.711  WARN 14980 --- [main] iguration$LoadBalancerCaffeineWarnLogger : Spring Cloud LoadBalancer is currently working with the default cache. You can switch to using Caffeine cache, by adding it and org.springframework.cache.caffeine.CaffeineCacheManager to the classpath.
2021-08-13 00:48:04.716  INFO 14980 --- [main] o.s.b.a.e.web.EndpointLinksResolver      : Exposing 17 endpoint(s) beneath base path '/actuator'
2021-08-13 00:48:04.884  INFO 14980 --- [main] o.s.c.n.eureka.InstanceInfoFactory       : Setting initial instance status as: STARTING
2021-08-13 00:48:05.824  INFO 14980 --- [main] com.netflix.discovery.DiscoveryClient    : Initializing Eureka in region us-east-1
2021-08-13 00:48:05.829  INFO 14980 --- [main] c.n.d.s.r.aws.ConfigClusterResolver      : Resolving eureka endpoints via configuration
2021-08-13 00:48:05.869  INFO 14980 --- [main] com.netflix.discovery.DiscoveryClient    : Disable delta property : false
2021-08-13 00:48:05.869  INFO 14980 --- [main] com.netflix.discovery.DiscoveryClient    : Single vip registry refresh property : null
2021-08-13 00:48:05.869  INFO 14980 --- [main] com.netflix.discovery.DiscoveryClient    : Force full registry fetch : false
2021-08-13 00:48:05.869  INFO 14980 --- [main] com.netflix.discovery.DiscoveryClient    : Application is null : false
2021-08-13 00:48:05.869  INFO 14980 --- [main] com.netflix.discovery.DiscoveryClient    : Registered Applications size is zero : true
2021-08-13 00:48:05.869  INFO 14980 --- [main] com.netflix.discovery.DiscoveryClient    : Application version is -1: true
2021-08-13 00:48:05.869  INFO 14980 --- [main] com.netflix.discovery.DiscoveryClient    : Getting all instance registry info from the eureka server
2021-08-13 00:48:06.285  INFO 14980 --- [main] com.netflix.discovery.DiscoveryClient    : The response status is 200
2021-08-13 00:48:06.288  INFO 14980 --- [main] com.netflix.discovery.DiscoveryClient    : Starting heartbeat executor: renew interval is: 30
2021-08-13 00:48:06.290  INFO 14980 --- [main] c.n.discovery.InstanceInfoReplicator     : InstanceInfoReplicator onDemand update allowed rate per min is 4
2021-08-13 00:48:06.295  INFO 14980 --- [main] com.netflix.discovery.DiscoveryClient    : Discovery Client initialized at timestamp 1628795886294 with initial instances count: 4
2021-08-13 00:48:06.296  INFO 14980 --- [main] o.s.c.n.e.s.EurekaServiceRegistry        : Registering application ORDERMS with eureka with status UP
2021-08-13 00:48:06.297  INFO 14980 --- [main] com.netflix.discovery.DiscoveryClient    : Saw local status change event StatusChangeEvent [timestamp=1628795886297, current=UP, previous=STARTING]
2021-08-13 00:48:06.299  INFO 14980 --- [DiscoveryClient-InstanceInfoReplicator-0] com.netflix.discovery.DiscoveryClient    : DiscoveryClient_ORDERMS/HemanthVenkat:orderms:8495: registering service...
2021-08-13 00:48:06.320  INFO 14980 --- [main] o.s.b.w.embedded.tomcat.TomcatWebServer  : Tomcat started on port(s): 8495 (http) with context path ''
2021-08-13 00:48:06.321  INFO 14980 --- [main] .s.c.n.e.s.EurekaAutoServiceRegistration : Updating port to 8495
2021-08-13 00:48:06.381  INFO 14980 --- [DiscoveryClient-InstanceInfoReplicator-0] com.netflix.discovery.DiscoveryClient    : DiscoveryClient_ORDERMS/HemanthVenkat:orderms:8495 - registration status: 204
2021-08-13 00:48:06.743  INFO 14980 --- [main] c.t.stockapp.orderms.OrderApplication    : Started OrderApplication in 11.492 seconds (JVM running for 12.207)
2021-08-13 00:48:06.749  INFO 14980 --- [main] c.t.stockapp.orderms.OrderApplication    : ***Repository added successfully
2021-08-13 00:48:06.750  INFO 14980 --- [main] c.t.stockapp.orderms.OrderApplication    : ***Service method tested successfully
2021-08-13 00:48:12.259  INFO 14980 --- [http-nio-8495-exec-1] o.a.c.c.C.[Tomcat].[localhost].[/]       : Initializing Spring DispatcherServlet 'dispatcherServlet'
2021-08-13 00:48:12.259  INFO 14980 --- [http-nio-8495-exec-1] o.s.web.servlet.DispatcherServlet        : Initializing Servlet 'dispatcherServlet'
2021-08-13 00:48:12.261  INFO 14980 --- [http-nio-8495-exec-1] o.s.web.servlet.DispatcherServlet        : Completed initialization in 1 ms
2021-08-13 00:48:12.680  INFO 14980 --- [http-nio-8495-exec-4] o.springdoc.api.AbstractOpenApiResource  : Init duration for springdoc-openapi is: 197 ms
2021-08-13 00:48:19.950  WARN 14980 --- [boundedElastic-1] o.s.c.l.core.RoundRobinLoadBalancer      : No servers available for service: stockms
2021-08-13 00:48:19.965 ERROR 14980 --- [http-nio-8495-exec-5] o.a.c.c.C.[.[.[/].[dispatcherServlet]    : Servlet.service() for servlet [dispatcherServlet] in context with path [] threw exception [Request processing failed; nested exception is java.lang.IllegalStateException: No instances available for stockms] with root cause

java.lang.IllegalStateException: No instances available for stockms
	at org.springframework.cloud.loadbalancer.blocking.client.BlockingLoadBalancerClient.execute(BlockingLoadBalancerClient.java:79) ~[spring-cloud-loadbalancer-3.0.3.jar:3.0.3]
	at org.springframework.cloud.client.loadbalancer.LoadBalancerInterceptor.intercept(LoadBalancerInterceptor.java:56) ~[spring-cloud-commons-3.0.3.jar:3.0.3]
	at org.springframework.http.client.InterceptingClientHttpRequest$InterceptingRequestExecution.execute(InterceptingClientHttpRequest.java:93) ~[spring-web-5.3.8.jar:5.3.8]
	at org.springframework.http.client.InterceptingClientHttpRequest.executeInternal(InterceptingClientHttpRequest.java:77) ~[spring-web-5.3.8.jar:5.3.8]
	at org.springframework.http.client.AbstractBufferingClientHttpRequest.executeInternal(AbstractBufferingClientHttpRequest.java:48) ~[spring-web-5.3.8.jar:5.3.8]
	at org.springframework.http.client.AbstractClientHttpRequest.execute(AbstractClientHttpRequest.java:66) ~[spring-web-5.3.8.jar:5.3.8]
	at org.springframework.web.client.RestTemplate.doExecute(RestTemplate.java:776) ~[spring-web-5.3.8.jar:5.3.8]
	at org.springframework.web.client.RestTemplate.execute(RestTemplate.java:711) ~[spring-web-5.3.8.jar:5.3.8]
	at org.springframework.web.client.RestTemplate.getForObject(RestTemplate.java:334) ~[spring-web-5.3.8.jar:5.3.8]
	at com.trainingapps.stockapp.orderms.util.OrderUtil.fetchStockDetails(OrderUtil.java:139) ~[main/:na]
	at com.trainingapps.stockapp.orderms.util.OrderUtil.fetchPrices(OrderUtil.java:59) ~[main/:na]
	at com.trainingapps.stockapp.orderms.util.OrderUtil.fetchPricesFromStock(OrderUtil.java:76) ~[main/:na]
	at com.trainingapps.stockapp.orderms.service.CreatedOrderServiceImpl.createOrder(CreatedOrderServiceImpl.java:52) ~[main/:na]
	at com.trainingapps.stockapp.orderms.service.CreatedOrderServiceImpl$$FastClassBySpringCGLIB$$60c6108e.invoke(<generated>) ~[main/:na]
	at org.springframework.cglib.proxy.MethodProxy.invoke(MethodProxy.java:218) ~[spring-core-5.3.8.jar:5.3.8]
	at org.springframework.aop.framework.CglibAopProxy$CglibMethodInvocation.invokeJoinpoint(CglibAopProxy.java:779) ~[spring-aop-5.3.8.jar:5.3.8]
	at org.springframework.aop.framework.ReflectiveMethodInvocation.proceed(ReflectiveMethodInvocation.java:163) ~[spring-aop-5.3.8.jar:5.3.8]
	at org.springframework.aop.framework.CglibAopProxy$CglibMethodInvocation.proceed(CglibAopProxy.java:750) ~[spring-aop-5.3.8.jar:5.3.8]
	at org.springframework.validation.beanvalidation.MethodValidationInterceptor.invoke(MethodValidationInterceptor.java:123) ~[spring-context-5.3.8.jar:5.3.8]
	at org.springframework.aop.framework.ReflectiveMethodInvocation.proceed(ReflectiveMethodInvocation.java:186) ~[spring-aop-5.3.8.jar:5.3.8]
	at org.springframework.aop.framework.CglibAopProxy$CglibMethodInvocation.proceed(CglibAopProxy.java:750) ~[spring-aop-5.3.8.jar:5.3.8]
	at org.springframework.aop.framework.CglibAopProxy$DynamicAdvisedInterceptor.intercept(CglibAopProxy.java:692) ~[spring-aop-5.3.8.jar:5.3.8]
	at com.trainingapps.stockapp.orderms.service.CreatedOrderServiceImpl$$EnhancerBySpringCGLIB$$fb08752b.createOrder(<generated>) ~[main/:na]
	at com.trainingapps.stockapp.orderms.controllers.OrdermsController.addOrder(OrdermsController.java:36) ~[main/:na]
	at sun.reflect.NativeMethodAccessorImpl.invoke0(Native Method) ~[na:1.8.0_291]
	at sun.reflect.NativeMethodAccessorImpl.invoke(NativeMethodAccessorImpl.java:62) ~[na:1.8.0_291]
	at sun.reflect.DelegatingMethodAccessorImpl.invoke(DelegatingMethodAccessorImpl.java:43) ~[na:1.8.0_291]
	at java.lang.reflect.Method.invoke(Method.java:498) ~[na:1.8.0_291]
	at org.springframework.web.method.support.InvocableHandlerMethod.doInvoke(InvocableHandlerMethod.java:197) ~[spring-web-5.3.8.jar:5.3.8]
	at org.springframework.web.method.support.InvocableHandlerMethod.invokeForRequest(InvocableHandlerMethod.java:141) ~[spring-web-5.3.8.jar:5.3.8]
	at org.springframework.web.servlet.mvc.method.annotation.ServletInvocableHandlerMethod.invokeAndHandle(ServletInvocableHandlerMethod.java:106) ~[spring-webmvc-5.3.8.jar:5.3.8]
	at org.springframework.web.servlet.mvc.method.annotation.RequestMappingHandlerAdapter.invokeHandlerMethod(RequestMappingHandlerAdapter.java:894) ~[spring-webmvc-5.3.8.jar:5.3.8]
	at org.springframework.web.servlet.mvc.method.annotation.RequestMappingHandlerAdapter.handleInternal(RequestMappingHandlerAdapter.java:808) ~[spring-webmvc-5.3.8.jar:5.3.8]
	at org.springframework.web.servlet.mvc.method.AbstractHandlerMethodAdapter.handle(AbstractHandlerMethodAdapter.java:87) ~[spring-webmvc-5.3.8.jar:5.3.8]
	at org.springframework.web.servlet.DispatcherServlet.doDispatch(DispatcherServlet.java:1063) ~[spring-webmvc-5.3.8.jar:5.3.8]
	at org.springframework.web.servlet.DispatcherServlet.doService(DispatcherServlet.java:963) ~[spring-webmvc-5.3.8.jar:5.3.8]
	at org.springframework.web.servlet.FrameworkServlet.processRequest(FrameworkServlet.java:1006) ~[spring-webmvc-5.3.8.jar:5.3.8]
	at org.springframework.web.servlet.FrameworkServlet.doPost(FrameworkServlet.java:909) ~[spring-webmvc-5.3.8.jar:5.3.8]
	at javax.servlet.http.HttpServlet.service(HttpServlet.java:681) ~[tomcat-embed-core-9.0.48.jar:4.0.FR]
	at org.springframework.web.servlet.FrameworkServlet.service(FrameworkServlet.java:883) ~[spring-webmvc-5.3.8.jar:5.3.8]
	at javax.servlet.http.HttpServlet.service(HttpServlet.java:764) ~[tomcat-embed-core-9.0.48.jar:4.0.FR]
	at org.apache.catalina.core.ApplicationFilterChain.internalDoFilter(ApplicationFilterChain.java:228) ~[tomcat-embed-core-9.0.48.jar:9.0.48]
	at org.apache.catalina.core.ApplicationFilterChain.doFilter(ApplicationFilterChain.java:163) ~[tomcat-embed-core-9.0.48.jar:9.0.48]
	at org.apache.tomcat.websocket.server.WsFilter.doFilter(WsFilter.java:53) ~[tomcat-embed-websocket-9.0.48.jar:9.0.48]
	at org.apache.catalina.core.ApplicationFilterChain.internalDoFilter(ApplicationFilterChain.java:190) ~[tomcat-embed-core-9.0.48.jar:9.0.48]
	at org.apache.catalina.core.ApplicationFilterChain.doFilter(ApplicationFilterChain.java:163) ~[tomcat-embed-core-9.0.48.jar:9.0.48]
	at org.springframework.web.filter.RequestContextFilter.doFilterInternal(RequestContextFilter.java:100) ~[spring-web-5.3.8.jar:5.3.8]
	at org.springframework.web.filter.OncePerRequestFilter.doFilter(OncePerRequestFilter.java:119) ~[spring-web-5.3.8.jar:5.3.8]
	at org.apache.catalina.core.ApplicationFilterChain.internalDoFilter(ApplicationFilterChain.java:190) ~[tomcat-embed-core-9.0.48.jar:9.0.48]
	at org.apache.catalina.core.ApplicationFilterChain.doFilter(ApplicationFilterChain.java:163) ~[tomcat-embed-core-9.0.48.jar:9.0.48]
	at org.springframework.web.filter.FormContentFilter.doFilterInternal(FormContentFilter.java:93) ~[spring-web-5.3.8.jar:5.3.8]
	at org.springframework.web.filter.OncePerRequestFilter.doFilter(OncePerRequestFilter.java:119) ~[spring-web-5.3.8.jar:5.3.8]
	at org.apache.catalina.core.ApplicationFilterChain.internalDoFilter(ApplicationFilterChain.java:190) ~[tomcat-embed-core-9.0.48.jar:9.0.48]
	at org.apache.catalina.core.ApplicationFilterChain.doFilter(ApplicationFilterChain.java:163) ~[tomcat-embed-core-9.0.48.jar:9.0.48]
	at org.springframework.boot.actuate.metrics.web.servlet.WebMvcMetricsFilter.doFilterInternal(WebMvcMetricsFilter.java:96) ~[spring-boot-actuator-2.5.2.jar:2.5.2]
	at org.springframework.web.filter.OncePerRequestFilter.doFilter(OncePerRequestFilter.java:119) ~[spring-web-5.3.8.jar:5.3.8]
	at org.apache.catalina.core.ApplicationFilterChain.internalDoFilter(ApplicationFilterChain.java:190) ~[tomcat-embed-core-9.0.48.jar:9.0.48]
	at org.apache.catalina.core.ApplicationFilterChain.doFilter(ApplicationFilterChain.java:163) ~[tomcat-embed-core-9.0.48.jar:9.0.48]
	at org.springframework.web.filter.CharacterEncodingFilter.doFilterInternal(CharacterEncodingFilter.java:201) ~[spring-web-5.3.8.jar:5.3.8]
	at org.springframework.web.filter.OncePerRequestFilter.doFilter(OncePerRequestFilter.java:119) ~[spring-web-5.3.8.jar:5.3.8]
	at org.apache.catalina.core.ApplicationFilterChain.internalDoFilter(ApplicationFilterChain.java:190) ~[tomcat-embed-core-9.0.48.jar:9.0.48]
	at org.apache.catalina.core.ApplicationFilterChain.doFilter(ApplicationFilterChain.java:163) ~[tomcat-embed-core-9.0.48.jar:9.0.48]
	at org.apache.catalina.core.StandardWrapperValve.invoke(StandardWrapperValve.java:202) ~[tomcat-embed-core-9.0.48.jar:9.0.48]
	at org.apache.catalina.core.StandardContextValve.invoke(StandardContextValve.java:97) [tomcat-embed-core-9.0.48.jar:9.0.48]
	at org.apache.catalina.authenticator.AuthenticatorBase.invoke(AuthenticatorBase.java:542) [tomcat-embed-core-9.0.48.jar:9.0.48]
	at org.apache.catalina.core.StandardHostValve.invoke(StandardHostValve.java:143) [tomcat-embed-core-9.0.48.jar:9.0.48]
	at org.apache.catalina.valves.ErrorReportValve.invoke(ErrorReportValve.java:92) [tomcat-embed-core-9.0.48.jar:9.0.48]
	at org.apache.catalina.core.StandardEngineValve.invoke(StandardEngineValve.java:78) [tomcat-embed-core-9.0.48.jar:9.0.48]
	at org.apache.catalina.connector.CoyoteAdapter.service(CoyoteAdapter.java:357) [tomcat-embed-core-9.0.48.jar:9.0.48]
	at org.apache.coyote.http11.Http11Processor.service(Http11Processor.java:382) [tomcat-embed-core-9.0.48.jar:9.0.48]
	at org.apache.coyote.AbstractProcessorLight.process(AbstractProcessorLight.java:65) [tomcat-embed-core-9.0.48.jar:9.0.48]
	at org.apache.coyote.AbstractProtocol$ConnectionHandler.process(AbstractProtocol.java:893) [tomcat-embed-core-9.0.48.jar:9.0.48]
	at org.apache.tomcat.util.net.NioEndpoint$SocketProcessor.doRun(NioEndpoint.java:1723) [tomcat-embed-core-9.0.48.jar:9.0.48]
	at org.apache.tomcat.util.net.SocketProcessorBase.run(SocketProcessorBase.java:49) [tomcat-embed-core-9.0.48.jar:9.0.48]
	at java.util.concurrent.ThreadPoolExecutor.runWorker(ThreadPoolExecutor.java:1149) [na:1.8.0_291]
	at java.util.concurrent.ThreadPoolExecutor$Worker.run(ThreadPoolExecutor.java:624) [na:1.8.0_291]
	at org.apache.tomcat.util.threads.TaskThread$WrappingRunnable.run(TaskThread.java:61) [tomcat-embed-core-9.0.48.jar:9.0.48]
	at java.lang.Thread.run(Thread.java:748) [na:1.8.0_291]

2021-08-13 00:48:22.461  WARN 14980 --- [boundedElastic-1] o.s.c.l.core.RoundRobinLoadBalancer      : No servers available for service: stockms
2021-08-13 00:48:22.464 ERROR 14980 --- [http-nio-8495-exec-6] o.a.c.c.C.[.[.[/].[dispatcherServlet]    : Servlet.service() for servlet [dispatcherServlet] in context with path [] threw exception [Request processing failed; nested exception is java.lang.IllegalStateException: No instances available for stockms] with root cause

java.lang.IllegalStateException: No instances available for stockms
	at org.springframework.cloud.loadbalancer.blocking.client.BlockingLoadBalancerClient.execute(BlockingLoadBalancerClient.java:79) ~[spring-cloud-loadbalancer-3.0.3.jar:3.0.3]
	at org.springframework.cloud.client.loadbalancer.LoadBalancerInterceptor.intercept(LoadBalancerInterceptor.java:56) ~[spring-cloud-commons-3.0.3.jar:3.0.3]
	at org.springframework.http.client.InterceptingClientHttpRequest$InterceptingRequestExecution.execute(InterceptingClientHttpRequest.java:93) ~[spring-web-5.3.8.jar:5.3.8]
	at org.springframework.http.client.InterceptingClientHttpRequest.executeInternal(InterceptingClientHttpRequest.java:77) ~[spring-web-5.3.8.jar:5.3.8]
	at org.springframework.http.client.AbstractBufferingClientHttpRequest.executeInternal(AbstractBufferingClientHttpRequest.java:48) ~[spring-web-5.3.8.jar:5.3.8]
	at org.springframework.http.client.AbstractClientHttpRequest.execute(AbstractClientHttpRequest.java:66) ~[spring-web-5.3.8.jar:5.3.8]
	at org.springframework.web.client.RestTemplate.doExecute(RestTemplate.java:776) ~[spring-web-5.3.8.jar:5.3.8]
	at org.springframework.web.client.RestTemplate.execute(RestTemplate.java:711) ~[spring-web-5.3.8.jar:5.3.8]
	at org.springframework.web.client.RestTemplate.getForObject(RestTemplate.java:334) ~[spring-web-5.3.8.jar:5.3.8]
	at com.trainingapps.stockapp.orderms.util.OrderUtil.fetchStockDetails(OrderUtil.java:139) ~[main/:na]
	at com.trainingapps.stockapp.orderms.util.OrderUtil.fetchPrices(OrderUtil.java:59) ~[main/:na]
	at com.trainingapps.stockapp.orderms.util.OrderUtil.fetchPricesFromStock(OrderUtil.java:76) ~[main/:na]
	at com.trainingapps.stockapp.orderms.service.CreatedOrderServiceImpl.createOrder(CreatedOrderServiceImpl.java:52) ~[main/:na]
	at com.trainingapps.stockapp.orderms.service.CreatedOrderServiceImpl$$FastClassBySpringCGLIB$$60c6108e.invoke(<generated>) ~[main/:na]
	at org.springframework.cglib.proxy.MethodProxy.invoke(MethodProxy.java:218) ~[spring-core-5.3.8.jar:5.3.8]
	at org.springframework.aop.framework.CglibAopProxy$CglibMethodInvocation.invokeJoinpoint(CglibAopProxy.java:779) ~[spring-aop-5.3.8.jar:5.3.8]
	at org.springframework.aop.framework.ReflectiveMethodInvocation.proceed(ReflectiveMethodInvocation.java:163) ~[spring-aop-5.3.8.jar:5.3.8]
	at org.springframework.aop.framework.CglibAopProxy$CglibMethodInvocation.proceed(CglibAopProxy.java:750) ~[spring-aop-5.3.8.jar:5.3.8]
	at org.springframework.validation.beanvalidation.MethodValidationInterceptor.invoke(MethodValidationInterceptor.java:123) ~[spring-context-5.3.8.jar:5.3.8]
	at org.springframework.aop.framework.ReflectiveMethodInvocation.proceed(ReflectiveMethodInvocation.java:186) ~[spring-aop-5.3.8.jar:5.3.8]
	at org.springframework.aop.framework.CglibAopProxy$CglibMethodInvocation.proceed(CglibAopProxy.java:750) ~[spring-aop-5.3.8.jar:5.3.8]
	at org.springframework.aop.framework.CglibAopProxy$DynamicAdvisedInterceptor.intercept(CglibAopProxy.java:692) ~[spring-aop-5.3.8.jar:5.3.8]
	at com.trainingapps.stockapp.orderms.service.CreatedOrderServiceImpl$$EnhancerBySpringCGLIB$$fb08752b.createOrder(<generated>) ~[main/:na]
	at com.trainingapps.stockapp.orderms.controllers.OrdermsController.addOrder(OrdermsController.java:36) ~[main/:na]
	at sun.reflect.NativeMethodAccessorImpl.invoke0(Native Method) ~[na:1.8.0_291]
	at sun.reflect.NativeMethodAccessorImpl.invoke(NativeMethodAccessorImpl.java:62) ~[na:1.8.0_291]
	at sun.reflect.DelegatingMethodAccessorImpl.invoke(DelegatingMethodAccessorImpl.java:43) ~[na:1.8.0_291]
	at java.lang.reflect.Method.invoke(Method.java:498) ~[na:1.8.0_291]
	at org.springframework.web.method.support.InvocableHandlerMethod.doInvoke(InvocableHandlerMethod.java:197) ~[spring-web-5.3.8.jar:5.3.8]
	at org.springframework.web.method.support.InvocableHandlerMethod.invokeForRequest(InvocableHandlerMethod.java:141) ~[spring-web-5.3.8.jar:5.3.8]
	at org.springframework.web.servlet.mvc.method.annotation.ServletInvocableHandlerMethod.invokeAndHandle(ServletInvocableHandlerMethod.java:106) ~[spring-webmvc-5.3.8.jar:5.3.8]
	at org.springframework.web.servlet.mvc.method.annotation.RequestMappingHandlerAdapter.invokeHandlerMethod(RequestMappingHandlerAdapter.java:894) ~[spring-webmvc-5.3.8.jar:5.3.8]
	at org.springframework.web.servlet.mvc.method.annotation.RequestMappingHandlerAdapter.handleInternal(RequestMappingHandlerAdapter.java:808) ~[spring-webmvc-5.3.8.jar:5.3.8]
	at org.springframework.web.servlet.mvc.method.AbstractHandlerMethodAdapter.handle(AbstractHandlerMethodAdapter.java:87) ~[spring-webmvc-5.3.8.jar:5.3.8]
	at org.springframework.web.servlet.DispatcherServlet.doDispatch(DispatcherServlet.java:1063) ~[spring-webmvc-5.3.8.jar:5.3.8]
	at org.springframework.web.servlet.DispatcherServlet.doService(DispatcherServlet.java:963) ~[spring-webmvc-5.3.8.jar:5.3.8]
	at org.springframework.web.servlet.FrameworkServlet.processRequest(FrameworkServlet.java:1006) ~[spring-webmvc-5.3.8.jar:5.3.8]
	at org.springframework.web.servlet.FrameworkServlet.doPost(FrameworkServlet.java:909) ~[spring-webmvc-5.3.8.jar:5.3.8]
	at javax.servlet.http.HttpServlet.service(HttpServlet.java:681) ~[tomcat-embed-core-9.0.48.jar:4.0.FR]
	at org.springframework.web.servlet.FrameworkServlet.service(FrameworkServlet.java:883) ~[spring-webmvc-5.3.8.jar:5.3.8]
	at javax.servlet.http.HttpServlet.service(HttpServlet.java:764) ~[tomcat-embed-core-9.0.48.jar:4.0.FR]
	at org.apache.catalina.core.ApplicationFilterChain.internalDoFilter(ApplicationFilterChain.java:228) ~[tomcat-embed-core-9.0.48.jar:9.0.48]
	at org.apache.catalina.core.ApplicationFilterChain.doFilter(ApplicationFilterChain.java:163) ~[tomcat-embed-core-9.0.48.jar:9.0.48]
	at org.apache.tomcat.websocket.server.WsFilter.doFilter(WsFilter.java:53) ~[tomcat-embed-websocket-9.0.48.jar:9.0.48]
	at org.apache.catalina.core.ApplicationFilterChain.internalDoFilter(ApplicationFilterChain.java:190) ~[tomcat-embed-core-9.0.48.jar:9.0.48]
	at org.apache.catalina.core.ApplicationFilterChain.doFilter(ApplicationFilterChain.java:163) ~[tomcat-embed-core-9.0.48.jar:9.0.48]
	at org.springframework.web.filter.RequestContextFilter.doFilterInternal(RequestContextFilter.java:100) ~[spring-web-5.3.8.jar:5.3.8]
	at org.springframework.web.filter.OncePerRequestFilter.doFilter(OncePerRequestFilter.java:119) ~[spring-web-5.3.8.jar:5.3.8]
	at org.apache.catalina.core.ApplicationFilterChain.internalDoFilter(ApplicationFilterChain.java:190) ~[tomcat-embed-core-9.0.48.jar:9.0.48]
	at org.apache.catalina.core.ApplicationFilterChain.doFilter(ApplicationFilterChain.java:163) ~[tomcat-embed-core-9.0.48.jar:9.0.48]
	at org.springframework.web.filter.FormContentFilter.doFilterInternal(FormContentFilter.java:93) ~[spring-web-5.3.8.jar:5.3.8]
	at org.springframework.web.filter.OncePerRequestFilter.doFilter(OncePerRequestFilter.java:119) ~[spring-web-5.3.8.jar:5.3.8]
	at org.apache.catalina.core.ApplicationFilterChain.internalDoFilter(ApplicationFilterChain.java:190) ~[tomcat-embed-core-9.0.48.jar:9.0.48]
	at org.apache.catalina.core.ApplicationFilterChain.doFilter(ApplicationFilterChain.java:163) ~[tomcat-embed-core-9.0.48.jar:9.0.48]
	at org.springframework.boot.actuate.metrics.web.servlet.WebMvcMetricsFilter.doFilterInternal(WebMvcMetricsFilter.java:96) ~[spring-boot-actuator-2.5.2.jar:2.5.2]
	at org.springframework.web.filter.OncePerRequestFilter.doFilter(OncePerRequestFilter.java:119) ~[spring-web-5.3.8.jar:5.3.8]
	at org.apache.catalina.core.ApplicationFilterChain.internalDoFilter(ApplicationFilterChain.java:190) ~[tomcat-embed-core-9.0.48.jar:9.0.48]
	at org.apache.catalina.core.ApplicationFilterChain.doFilter(ApplicationFilterChain.java:163) ~[tomcat-embed-core-9.0.48.jar:9.0.48]
	at org.springframework.web.filter.CharacterEncodingFilter.doFilterInternal(CharacterEncodingFilter.java:201) ~[spring-web-5.3.8.jar:5.3.8]
	at org.springframework.web.filter.OncePerRequestFilter.doFilter(OncePerRequestFilter.java:119) ~[spring-web-5.3.8.jar:5.3.8]
	at org.apache.catalina.core.ApplicationFilterChain.internalDoFilter(ApplicationFilterChain.java:190) ~[tomcat-embed-core-9.0.48.jar:9.0.48]
	at org.apache.catalina.core.ApplicationFilterChain.doFilter(ApplicationFilterChain.java:163) ~[tomcat-embed-core-9.0.48.jar:9.0.48]
	at org.apache.catalina.core.StandardWrapperValve.invoke(StandardWrapperValve.java:202) ~[tomcat-embed-core-9.0.48.jar:9.0.48]
	at org.apache.catalina.core.StandardContextValve.invoke(StandardContextValve.java:97) [tomcat-embed-core-9.0.48.jar:9.0.48]
	at org.apache.catalina.authenticator.AuthenticatorBase.invoke(AuthenticatorBase.java:542) [tomcat-embed-core-9.0.48.jar:9.0.48]
	at org.apache.catalina.core.StandardHostValve.invoke(StandardHostValve.java:143) [tomcat-embed-core-9.0.48.jar:9.0.48]
	at org.apache.catalina.valves.ErrorReportValve.invoke(ErrorReportValve.java:92) [tomcat-embed-core-9.0.48.jar:9.0.48]
	at org.apache.catalina.core.StandardEngineValve.invoke(StandardEngineValve.java:78) [tomcat-embed-core-9.0.48.jar:9.0.48]
	at org.apache.catalina.connector.CoyoteAdapter.service(CoyoteAdapter.java:357) [tomcat-embed-core-9.0.48.jar:9.0.48]
	at org.apache.coyote.http11.Http11Processor.service(Http11Processor.java:382) [tomcat-embed-core-9.0.48.jar:9.0.48]
	at org.apache.coyote.AbstractProcessorLight.process(AbstractProcessorLight.java:65) [tomcat-embed-core-9.0.48.jar:9.0.48]
	at org.apache.coyote.AbstractProtocol$ConnectionHandler.process(AbstractProtocol.java:893) [tomcat-embed-core-9.0.48.jar:9.0.48]
	at org.apache.tomcat.util.net.NioEndpoint$SocketProcessor.doRun(NioEndpoint.java:1723) [tomcat-embed-core-9.0.48.jar:9.0.48]
	at org.apache.tomcat.util.net.SocketProcessorBase.run(SocketProcessorBase.java:49) [tomcat-embed-core-9.0.48.jar:9.0.48]
	at java.util.concurrent.ThreadPoolExecutor.runWorker(ThreadPoolExecutor.java:1149) [na:1.8.0_291]
	at java.util.concurrent.ThreadPoolExecutor$Worker.run(ThreadPoolExecutor.java:624) [na:1.8.0_291]
	at org.apache.tomcat.util.threads.TaskThread$WrappingRunnable.run(TaskThread.java:61) [tomcat-embed-core-9.0.48.jar:9.0.48]
	at java.lang.Thread.run(Thread.java:748) [na:1.8.0_291]

2021-08-13 00:50:07.164  WARN 14980 --- [http-nio-8495-exec-7] .w.s.m.s.DefaultHandlerExceptionResolver : Resolved [org.springframework.http.converter.HttpMessageNotReadableException: JSON parse error: Unexpected character (',' (code 44)): expected a value; nested exception is com.fasterxml.jackson.databind.JsonMappingException: Unexpected character (',' (code 44)): expected a value
 at [Source: (PushbackInputStream); line: 3, column: 17] (through reference chain: java.util.HashSet[0])]
2021-08-13 00:50:13.302  WARN 14980 --- [http-nio-8495-exec-8] .w.s.m.s.DefaultHandlerExceptionResolver : Resolved [org.springframework.http.converter.HttpMessageNotReadableException: JSON parse error: Unexpected character (',' (code 44)): expected a value; nested exception is com.fasterxml.jackson.databind.JsonMappingException: Unexpected character (',' (code 44)): expected a value
 at [Source: (PushbackInputStream); line: 3, column: 17] (through reference chain: java.util.HashSet[0])]
2021-08-13 00:50:50.750  WARN 14980 --- [http-nio-8495-exec-9] .w.s.m.s.DefaultHandlerExceptionResolver : Resolved [org.springframework.http.converter.HttpMessageNotReadableException: JSON parse error: Unexpected character (',' (code 44)): expected a value; nested exception is com.fasterxml.jackson.databind.JsonMappingException: Unexpected character (',' (code 44)): expected a value
 at [Source: (PushbackInputStream); line: 3, column: 17] (through reference chain: java.util.HashSet[0])]
2021-08-13 00:51:11.510  WARN 14980 --- [http-nio-8495-exec-10] .w.s.m.s.DefaultHandlerExceptionResolver : Resolved [org.springframework.http.converter.HttpMessageNotReadableException: JSON parse error: Cannot deserialize value of type `long` from String "units": not a valid `long` value; nested exception is com.fasterxml.jackson.databind.exc.InvalidFormatException: Cannot deserialize value of type `long` from String "units": not a valid `long` value
 at [Source: (PushbackInputStream); line: 4, column: 5] (through reference chain: java.util.HashSet[0]->com.trainingapps.stockapp.orderms.dto.ItemOrderRequest["stockId"])]
2021-08-13 00:51:26.023  WARN 14980 --- [http-nio-8495-exec-1] .w.s.m.s.DefaultHandlerExceptionResolver : Resolved [org.springframework.http.converter.HttpMessageNotReadableException: JSON parse error: Unexpected character ('"' (code 34)): was expecting comma to separate Object entries; nested exception is com.fasterxml.jackson.databind.JsonMappingException: Unexpected character ('"' (code 34)): was expecting comma to separate Object entries
 at [Source: (PushbackInputStream); line: 4, column: 6] (through reference chain: java.util.HashSet[0])]
2021-08-13 00:51:56.551  INFO 24052 --- [main] c.t.stockapp.orderms.OrderApplication    : Starting OrderApplication using Java 1.8.0_291 on HemanthVenkat with PID 24052 (C:\Users\Hemanth Venkat\Desktop\CAPGEMINI\workspace\StockApp\stockmanagementapplication\orderms\build\classes\java\main started by Hemanth Venkat in C:\Users\Hemanth Venkat\Desktop\CAPGEMINI\workspace\StockApp\stockmanagementapplication\orderms)
2021-08-13 00:51:56.554  INFO 24052 --- [main] c.t.stockapp.orderms.OrderApplication    : No active profile set, falling back to default profiles: default
2021-08-13 00:51:57.625  INFO 24052 --- [main] .s.d.r.c.RepositoryConfigurationDelegate : Bootstrapping Spring Data JPA repositories in DEFAULT mode.
2021-08-13 00:51:57.721  INFO 24052 --- [main] .s.d.r.c.RepositoryConfigurationDelegate : Finished Spring Data repository scanning in 82 ms. Found 2 JPA repository interfaces.
2021-08-13 00:51:57.978  INFO 24052 --- [main] o.s.cloud.context.scope.GenericScope     : BeanFactory id=769a9069-28e5-3be3-a739-2d20ca38a92f
2021-08-13 00:51:58.715  INFO 24052 --- [main] o.s.b.w.embedded.tomcat.TomcatWebServer  : Tomcat initialized with port(s): 8495 (http)
2021-08-13 00:51:58.724  INFO 24052 --- [main] o.apache.catalina.core.StandardService   : Starting service [Tomcat]
2021-08-13 00:51:58.724  INFO 24052 --- [main] org.apache.catalina.core.StandardEngine  : Starting Servlet engine: [Apache Tomcat/9.0.48]
2021-08-13 00:51:58.848  INFO 24052 --- [main] o.a.c.c.C.[Tomcat].[localhost].[/]       : Initializing Spring embedded WebApplicationContext
2021-08-13 00:51:58.849  INFO 24052 --- [main] w.s.c.ServletWebServerApplicationContext : Root WebApplicationContext: initialization completed in 2259 ms
2021-08-13 00:51:59.127  INFO 24052 --- [main] o.hibernate.jpa.internal.util.LogHelper  : HHH000204: Processing PersistenceUnitInfo [name: default]
2021-08-13 00:51:59.172  INFO 24052 --- [main] org.hibernate.Version                    : HHH000412: Hibernate ORM core version 5.4.32.Final
2021-08-13 00:51:59.314  INFO 24052 --- [main] o.hibernate.annotations.common.Version   : HCANN000001: Hibernate Commons Annotations {5.1.2.Final}
2021-08-13 00:51:59.419  INFO 24052 --- [main] com.zaxxer.hikari.HikariDataSource       : HikariPool-1 - Starting...
2021-08-13 00:51:59.929  INFO 24052 --- [main] com.zaxxer.hikari.HikariDataSource       : HikariPool-1 - Start completed.
2021-08-13 00:51:59.946  INFO 24052 --- [main] org.hibernate.dialect.Dialect            : HHH000400: Using dialect: org.hibernate.dialect.PostgreSQL95Dialect
2021-08-13 00:52:00.891  INFO 24052 --- [main] o.h.e.t.j.p.i.JtaPlatformInitiator       : HHH000490: Using JtaPlatform implementation: [org.hibernate.engine.transaction.jta.platform.internal.NoJtaPlatform]
2021-08-13 00:52:00.903  INFO 24052 --- [main] j.LocalContainerEntityManagerFactoryBean : Initialized JPA EntityManagerFactory for persistence unit 'default'
2021-08-13 00:52:01.628  WARN 24052 --- [main] JpaBaseConfiguration$JpaWebConfiguration : spring.jpa.open-in-view is enabled by default. Therefore, database queries may be performed during view rendering. Explicitly configure spring.jpa.open-in-view to disable this warning
2021-08-13 00:52:03.506  INFO 24052 --- [main] DiscoveryClientOptionalArgsConfiguration : Eureka HTTP Client uses RestTemplate.
2021-08-13 00:52:03.564  WARN 24052 --- [main] iguration$LoadBalancerCaffeineWarnLogger : Spring Cloud LoadBalancer is currently working with the default cache. You can switch to using Caffeine cache, by adding it and org.springframework.cache.caffeine.CaffeineCacheManager to the classpath.
2021-08-13 00:52:03.584  INFO 24052 --- [main] o.s.b.a.e.web.EndpointLinksResolver      : Exposing 17 endpoint(s) beneath base path '/actuator'
2021-08-13 00:52:03.621  INFO 24052 --- [main] o.s.c.n.eureka.InstanceInfoFactory       : Setting initial instance status as: STARTING
2021-08-13 00:52:03.680  INFO 24052 --- [main] com.netflix.discovery.DiscoveryClient    : Initializing Eureka in region us-east-1
2021-08-13 00:52:03.684  INFO 24052 --- [main] c.n.d.s.r.aws.ConfigClusterResolver      : Resolving eureka endpoints via configuration
2021-08-13 00:52:03.707  INFO 24052 --- [main] com.netflix.discovery.DiscoveryClient    : Disable delta property : false
2021-08-13 00:52:03.708  INFO 24052 --- [main] com.netflix.discovery.DiscoveryClient    : Single vip registry refresh property : null
2021-08-13 00:52:03.708  INFO 24052 --- [main] com.netflix.discovery.DiscoveryClient    : Force full registry fetch : false
2021-08-13 00:52:03.708  INFO 24052 --- [main] com.netflix.discovery.DiscoveryClient    : Application is null : false
2021-08-13 00:52:03.708  INFO 24052 --- [main] com.netflix.discovery.DiscoveryClient    : Registered Applications size is zero : true
2021-08-13 00:52:03.708  INFO 24052 --- [main] com.netflix.discovery.DiscoveryClient    : Application version is -1: true
2021-08-13 00:52:03.708  INFO 24052 --- [main] com.netflix.discovery.DiscoveryClient    : Getting all instance registry info from the eureka server
2021-08-13 00:52:04.013  INFO 24052 --- [main] com.netflix.discovery.DiscoveryClient    : The response status is 200
2021-08-13 00:52:04.016  INFO 24052 --- [main] com.netflix.discovery.DiscoveryClient    : Starting heartbeat executor: renew interval is: 30
2021-08-13 00:52:04.018  INFO 24052 --- [main] c.n.discovery.InstanceInfoReplicator     : InstanceInfoReplicator onDemand update allowed rate per min is 4
2021-08-13 00:52:04.023  INFO 24052 --- [main] com.netflix.discovery.DiscoveryClient    : Discovery Client initialized at timestamp 1628796124022 with initial instances count: 4
2021-08-13 00:52:04.024  INFO 24052 --- [main] o.s.c.n.e.s.EurekaServiceRegistry        : Registering application ORDERMS with eureka with status UP
2021-08-13 00:52:04.025  INFO 24052 --- [main] com.netflix.discovery.DiscoveryClient    : Saw local status change event StatusChangeEvent [timestamp=1628796124025, current=UP, previous=STARTING]
2021-08-13 00:52:04.027  INFO 24052 --- [DiscoveryClient-InstanceInfoReplicator-0] com.netflix.discovery.DiscoveryClient    : DiscoveryClient_ORDERMS/HemanthVenkat:orderms:8495: registering service...
2021-08-13 00:52:04.049  INFO 24052 --- [main] o.s.b.w.embedded.tomcat.TomcatWebServer  : Tomcat started on port(s): 8495 (http) with context path ''
2021-08-13 00:52:04.050  INFO 24052 --- [main] .s.c.n.e.s.EurekaAutoServiceRegistration : Updating port to 8495
2021-08-13 00:52:04.103  INFO 24052 --- [DiscoveryClient-InstanceInfoReplicator-0] com.netflix.discovery.DiscoveryClient    : DiscoveryClient_ORDERMS/HemanthVenkat:orderms:8495 - registration status: 204
2021-08-13 00:52:04.480  INFO 24052 --- [main] c.t.stockapp.orderms.OrderApplication    : Started OrderApplication in 8.862 seconds (JVM running for 9.374)
2021-08-13 00:52:04.486  INFO 24052 --- [main] c.t.stockapp.orderms.OrderApplication    : ***Repository added successfully
2021-08-13 00:52:04.486  INFO 24052 --- [main] c.t.stockapp.orderms.OrderApplication    : ***Service method tested successfully
2021-08-13 00:52:08.913  INFO 24052 --- [http-nio-8495-exec-1] o.a.c.c.C.[Tomcat].[localhost].[/]       : Initializing Spring DispatcherServlet 'dispatcherServlet'
2021-08-13 00:52:08.913  INFO 24052 --- [http-nio-8495-exec-1] o.s.web.servlet.DispatcherServlet        : Initializing Servlet 'dispatcherServlet'
2021-08-13 00:52:08.915  INFO 24052 --- [http-nio-8495-exec-1] o.s.web.servlet.DispatcherServlet        : Completed initialization in 2 ms
2021-08-13 00:52:09.373  INFO 24052 --- [http-nio-8495-exec-4] o.springdoc.api.AbstractOpenApiResource  : Init duration for springdoc-openapi is: 227 ms
2021-08-13 00:54:29.558  INFO 20236 --- [main] c.t.stockapp.orderms.OrderApplication    : Starting OrderApplication using Java 1.8.0_291 on HemanthVenkat with PID 20236 (C:\Users\Hemanth Venkat\Desktop\CAPGEMINI\workspace\StockApp\stockmanagementapplication\orderms\build\classes\java\main started by Hemanth Venkat in C:\Users\Hemanth Venkat\Desktop\CAPGEMINI\workspace\StockApp\stockmanagementapplication\orderms)
2021-08-13 00:54:29.561  INFO 20236 --- [main] c.t.stockapp.orderms.OrderApplication    : No active profile set, falling back to default profiles: default
2021-08-13 00:54:30.696  INFO 20236 --- [main] .s.d.r.c.RepositoryConfigurationDelegate : Bootstrapping Spring Data JPA repositories in DEFAULT mode.
2021-08-13 00:54:30.787  INFO 20236 --- [main] .s.d.r.c.RepositoryConfigurationDelegate : Finished Spring Data repository scanning in 81 ms. Found 2 JPA repository interfaces.
2021-08-13 00:54:31.045  INFO 20236 --- [main] o.s.cloud.context.scope.GenericScope     : BeanFactory id=769a9069-28e5-3be3-a739-2d20ca38a92f
2021-08-13 00:54:31.694  INFO 20236 --- [main] o.s.b.w.embedded.tomcat.TomcatWebServer  : Tomcat initialized with port(s): 8495 (http)
2021-08-13 00:54:31.705  INFO 20236 --- [main] o.apache.catalina.core.StandardService   : Starting service [Tomcat]
2021-08-13 00:54:31.705  INFO 20236 --- [main] org.apache.catalina.core.StandardEngine  : Starting Servlet engine: [Apache Tomcat/9.0.48]
2021-08-13 00:54:31.836  INFO 20236 --- [main] o.a.c.c.C.[Tomcat].[localhost].[/]       : Initializing Spring embedded WebApplicationContext
2021-08-13 00:54:31.836  INFO 20236 --- [main] w.s.c.ServletWebServerApplicationContext : Root WebApplicationContext: initialization completed in 2238 ms
2021-08-13 00:54:32.122  INFO 20236 --- [main] o.hibernate.jpa.internal.util.LogHelper  : HHH000204: Processing PersistenceUnitInfo [name: default]
2021-08-13 00:54:32.170  INFO 20236 --- [main] org.hibernate.Version                    : HHH000412: Hibernate ORM core version 5.4.32.Final
2021-08-13 00:54:32.310  INFO 20236 --- [main] o.hibernate.annotations.common.Version   : HCANN000001: Hibernate Commons Annotations {5.1.2.Final}
2021-08-13 00:54:32.425  INFO 20236 --- [main] com.zaxxer.hikari.HikariDataSource       : HikariPool-1 - Starting...
2021-08-13 00:54:32.993  INFO 20236 --- [main] com.zaxxer.hikari.HikariDataSource       : HikariPool-1 - Start completed.
2021-08-13 00:54:33.012  INFO 20236 --- [main] org.hibernate.dialect.Dialect            : HHH000400: Using dialect: org.hibernate.dialect.PostgreSQL95Dialect
2021-08-13 00:54:33.952  INFO 20236 --- [main] o.h.e.t.j.p.i.JtaPlatformInitiator       : HHH000490: Using JtaPlatform implementation: [org.hibernate.engine.transaction.jta.platform.internal.NoJtaPlatform]
2021-08-13 00:54:33.964  INFO 20236 --- [main] j.LocalContainerEntityManagerFactoryBean : Initialized JPA EntityManagerFactory for persistence unit 'default'
2021-08-13 00:54:34.583  WARN 20236 --- [main] JpaBaseConfiguration$JpaWebConfiguration : spring.jpa.open-in-view is enabled by default. Therefore, database queries may be performed during view rendering. Explicitly configure spring.jpa.open-in-view to disable this warning
2021-08-13 00:54:36.540  INFO 20236 --- [main] DiscoveryClientOptionalArgsConfiguration : Eureka HTTP Client uses RestTemplate.
2021-08-13 00:54:36.610  WARN 20236 --- [main] iguration$LoadBalancerCaffeineWarnLogger : Spring Cloud LoadBalancer is currently working with the default cache. You can switch to using Caffeine cache, by adding it and org.springframework.cache.caffeine.CaffeineCacheManager to the classpath.
2021-08-13 00:54:36.615  INFO 20236 --- [main] o.s.b.a.e.web.EndpointLinksResolver      : Exposing 17 endpoint(s) beneath base path '/actuator'
2021-08-13 00:54:36.651  INFO 20236 --- [main] o.s.c.n.eureka.InstanceInfoFactory       : Setting initial instance status as: STARTING
2021-08-13 00:54:36.714  INFO 20236 --- [main] com.netflix.discovery.DiscoveryClient    : Initializing Eureka in region us-east-1
2021-08-13 00:54:36.719  INFO 20236 --- [main] c.n.d.s.r.aws.ConfigClusterResolver      : Resolving eureka endpoints via configuration
2021-08-13 00:54:36.739  INFO 20236 --- [main] com.netflix.discovery.DiscoveryClient    : Disable delta property : false
2021-08-13 00:54:36.739  INFO 20236 --- [main] com.netflix.discovery.DiscoveryClient    : Single vip registry refresh property : null
2021-08-13 00:54:36.740  INFO 20236 --- [main] com.netflix.discovery.DiscoveryClient    : Force full registry fetch : false
2021-08-13 00:54:36.740  INFO 20236 --- [main] com.netflix.discovery.DiscoveryClient    : Application is null : false
2021-08-13 00:54:36.740  INFO 20236 --- [main] com.netflix.discovery.DiscoveryClient    : Registered Applications size is zero : true
2021-08-13 00:54:36.740  INFO 20236 --- [main] com.netflix.discovery.DiscoveryClient    : Application version is -1: true
2021-08-13 00:54:36.740  INFO 20236 --- [main] com.netflix.discovery.DiscoveryClient    : Getting all instance registry info from the eureka server
2021-08-13 00:54:37.040  INFO 20236 --- [main] com.netflix.discovery.DiscoveryClient    : The response status is 200
2021-08-13 00:54:37.044  INFO 20236 --- [main] com.netflix.discovery.DiscoveryClient    : Starting heartbeat executor: renew interval is: 30
2021-08-13 00:54:37.046  INFO 20236 --- [main] c.n.discovery.InstanceInfoReplicator     : InstanceInfoReplicator onDemand update allowed rate per min is 4
2021-08-13 00:54:37.050  INFO 20236 --- [main] com.netflix.discovery.DiscoveryClient    : Discovery Client initialized at timestamp 1628796277050 with initial instances count: 4
2021-08-13 00:54:37.052  INFO 20236 --- [main] o.s.c.n.e.s.EurekaServiceRegistry        : Registering application ORDERMS with eureka with status UP
2021-08-13 00:54:37.052  INFO 20236 --- [main] com.netflix.discovery.DiscoveryClient    : Saw local status change event StatusChangeEvent [timestamp=1628796277052, current=UP, previous=STARTING]
2021-08-13 00:54:37.054  INFO 20236 --- [DiscoveryClient-InstanceInfoReplicator-0] com.netflix.discovery.DiscoveryClient    : DiscoveryClient_ORDERMS/HemanthVenkat:orderms:8495: registering service...
2021-08-13 00:54:37.081  INFO 20236 --- [main] o.s.b.w.embedded.tomcat.TomcatWebServer  : Tomcat started on port(s): 8495 (http) with context path ''
2021-08-13 00:54:37.081  INFO 20236 --- [main] .s.c.n.e.s.EurekaAutoServiceRegistration : Updating port to 8495
2021-08-13 00:54:37.133  INFO 20236 --- [DiscoveryClient-InstanceInfoReplicator-0] com.netflix.discovery.DiscoveryClient    : DiscoveryClient_ORDERMS/HemanthVenkat:orderms:8495 - registration status: 204
2021-08-13 00:54:37.506  INFO 20236 --- [main] c.t.stockapp.orderms.OrderApplication    : Started OrderApplication in 8.881 seconds (JVM running for 9.427)
2021-08-13 00:54:37.513  INFO 20236 --- [main] c.t.stockapp.orderms.OrderApplication    : ***Repository added successfully
2021-08-13 00:54:37.513  INFO 20236 --- [main] c.t.stockapp.orderms.OrderApplication    : ***Service method tested successfully
2021-08-13 00:54:46.311  INFO 20236 --- [http-nio-8495-exec-1] o.a.c.c.C.[Tomcat].[localhost].[/]       : Initializing Spring DispatcherServlet 'dispatcherServlet'
2021-08-13 00:54:46.312  INFO 20236 --- [http-nio-8495-exec-1] o.s.web.servlet.DispatcherServlet        : Initializing Servlet 'dispatcherServlet'
2021-08-13 00:54:46.313  INFO 20236 --- [http-nio-8495-exec-1] o.s.web.servlet.DispatcherServlet        : Completed initialization in 1 ms
2021-08-13 00:54:46.737  INFO 20236 --- [http-nio-8495-exec-4] o.springdoc.api.AbstractOpenApiResource  : Init duration for springdoc-openapi is: 203 ms
2021-08-13 00:54:57.182  WARN 20236 --- [boundedElastic-1] o.s.c.l.core.RoundRobinLoadBalancer      : No servers available for service: stockms
2021-08-13 00:59:36.759  INFO 20236 --- [AsyncResolver-bootstrap-executor-0] c.n.d.s.r.aws.ConfigClusterResolver      : Resolving eureka endpoints via configuration
2021-08-13 10:21:45.141  INFO 7496 --- [main] c.t.stockapp.orderms.OrderApplication    : Starting OrderApplication using Java 1.8.0_291 on HemanthVenkat with PID 7496 (C:\Users\Hemanth Venkat\Desktop\CAPGEMINI\workspace\StockApp\stockmanagementapplication\orderms\build\classes\java\main started by Hemanth Venkat in C:\Users\Hemanth Venkat\Desktop\CAPGEMINI\workspace\StockApp\stockmanagementapplication\orderms)
2021-08-13 10:21:45.145  INFO 7496 --- [main] c.t.stockapp.orderms.OrderApplication    : No active profile set, falling back to default profiles: default
2021-08-13 10:21:46.600  INFO 7496 --- [main] .s.d.r.c.RepositoryConfigurationDelegate : Bootstrapping Spring Data JPA repositories in DEFAULT mode.
2021-08-13 10:21:46.717  INFO 7496 --- [main] .s.d.r.c.RepositoryConfigurationDelegate : Finished Spring Data repository scanning in 104 ms. Found 2 JPA repository interfaces.
2021-08-13 10:21:46.949  INFO 7496 --- [main] o.s.cloud.context.scope.GenericScope     : BeanFactory id=769a9069-28e5-3be3-a739-2d20ca38a92f
2021-08-13 10:21:47.729  INFO 7496 --- [main] o.s.b.w.embedded.tomcat.TomcatWebServer  : Tomcat initialized with port(s): 8495 (http)
2021-08-13 10:21:47.739  INFO 7496 --- [main] o.apache.catalina.core.StandardService   : Starting service [Tomcat]
2021-08-13 10:21:47.740  INFO 7496 --- [main] org.apache.catalina.core.StandardEngine  : Starting Servlet engine: [Apache Tomcat/9.0.48]
2021-08-13 10:21:47.894  INFO 7496 --- [main] o.a.c.c.C.[Tomcat].[localhost].[/]       : Initializing Spring embedded WebApplicationContext
2021-08-13 10:21:47.894  INFO 7496 --- [main] w.s.c.ServletWebServerApplicationContext : Root WebApplicationContext: initialization completed in 2703 ms
2021-08-13 10:21:48.204  INFO 7496 --- [main] o.hibernate.jpa.internal.util.LogHelper  : HHH000204: Processing PersistenceUnitInfo [name: default]
2021-08-13 10:21:48.256  INFO 7496 --- [main] org.hibernate.Version                    : HHH000412: Hibernate ORM core version 5.4.32.Final
2021-08-13 10:21:48.383  INFO 7496 --- [main] o.hibernate.annotations.common.Version   : HCANN000001: Hibernate Commons Annotations {5.1.2.Final}
2021-08-13 10:21:48.489  INFO 7496 --- [main] com.zaxxer.hikari.HikariDataSource       : HikariPool-1 - Starting...
2021-08-13 10:21:49.020  INFO 7496 --- [main] com.zaxxer.hikari.HikariDataSource       : HikariPool-1 - Start completed.
2021-08-13 10:21:49.036  INFO 7496 --- [main] org.hibernate.dialect.Dialect            : HHH000400: Using dialect: org.hibernate.dialect.PostgreSQL95Dialect
2021-08-13 10:21:50.045  INFO 7496 --- [main] o.h.e.t.j.p.i.JtaPlatformInitiator       : HHH000490: Using JtaPlatform implementation: [org.hibernate.engine.transaction.jta.platform.internal.NoJtaPlatform]
2021-08-13 10:21:50.057  INFO 7496 --- [main] j.LocalContainerEntityManagerFactoryBean : Initialized JPA EntityManagerFactory for persistence unit 'default'
2021-08-13 10:21:50.739  WARN 7496 --- [main] JpaBaseConfiguration$JpaWebConfiguration : spring.jpa.open-in-view is enabled by default. Therefore, database queries may be performed during view rendering. Explicitly configure spring.jpa.open-in-view to disable this warning
2021-08-13 10:21:52.846  INFO 7496 --- [main] DiscoveryClientOptionalArgsConfiguration : Eureka HTTP Client uses RestTemplate.
2021-08-13 10:21:52.899  WARN 7496 --- [main] iguration$LoadBalancerCaffeineWarnLogger : Spring Cloud LoadBalancer is currently working with the default cache. You can switch to using Caffeine cache, by adding it and org.springframework.cache.caffeine.CaffeineCacheManager to the classpath.
2021-08-13 10:21:52.905  INFO 7496 --- [main] o.s.b.a.e.web.EndpointLinksResolver      : Exposing 17 endpoint(s) beneath base path '/actuator'
2021-08-13 10:21:52.946  INFO 7496 --- [main] o.s.c.n.eureka.InstanceInfoFactory       : Setting initial instance status as: STARTING
2021-08-13 10:21:53.006  INFO 7496 --- [main] com.netflix.discovery.DiscoveryClient    : Initializing Eureka in region us-east-1
2021-08-13 10:21:53.010  INFO 7496 --- [main] c.n.d.s.r.aws.ConfigClusterResolver      : Resolving eureka endpoints via configuration
2021-08-13 10:21:53.032  INFO 7496 --- [main] com.netflix.discovery.DiscoveryClient    : Disable delta property : false
2021-08-13 10:21:53.032  INFO 7496 --- [main] com.netflix.discovery.DiscoveryClient    : Single vip registry refresh property : null
2021-08-13 10:21:53.032  INFO 7496 --- [main] com.netflix.discovery.DiscoveryClient    : Force full registry fetch : false
2021-08-13 10:21:53.032  INFO 7496 --- [main] com.netflix.discovery.DiscoveryClient    : Application is null : false
2021-08-13 10:21:53.032  INFO 7496 --- [main] com.netflix.discovery.DiscoveryClient    : Registered Applications size is zero : true
2021-08-13 10:21:53.032  INFO 7496 --- [main] com.netflix.discovery.DiscoveryClient    : Application version is -1: true
2021-08-13 10:21:53.032  INFO 7496 --- [main] com.netflix.discovery.DiscoveryClient    : Getting all instance registry info from the eureka server
2021-08-13 10:21:53.373  INFO 7496 --- [main] com.netflix.discovery.DiscoveryClient    : The response status is 200
2021-08-13 10:21:53.376  INFO 7496 --- [main] com.netflix.discovery.DiscoveryClient    : Starting heartbeat executor: renew interval is: 30
2021-08-13 10:21:53.379  INFO 7496 --- [main] c.n.discovery.InstanceInfoReplicator     : InstanceInfoReplicator onDemand update allowed rate per min is 4
2021-08-13 10:21:53.383  INFO 7496 --- [main] com.netflix.discovery.DiscoveryClient    : Discovery Client initialized at timestamp 1628830313383 with initial instances count: 1
2021-08-13 10:21:53.385  INFO 7496 --- [main] o.s.c.n.e.s.EurekaServiceRegistry        : Registering application ORDERMS with eureka with status UP
2021-08-13 10:21:53.386  INFO 7496 --- [main] com.netflix.discovery.DiscoveryClient    : Saw local status change event StatusChangeEvent [timestamp=1628830313386, current=UP, previous=STARTING]
2021-08-13 10:21:53.388  INFO 7496 --- [DiscoveryClient-InstanceInfoReplicator-0] com.netflix.discovery.DiscoveryClient    : DiscoveryClient_ORDERMS/HemanthVenkat:orderms:8495: registering service...
2021-08-13 10:21:53.441  INFO 7496 --- [main] o.s.b.w.embedded.tomcat.TomcatWebServer  : Tomcat started on port(s): 8495 (http) with context path ''
2021-08-13 10:21:53.444  INFO 7496 --- [main] .s.c.n.e.s.EurekaAutoServiceRegistration : Updating port to 8495
2021-08-13 10:21:53.491  INFO 7496 --- [DiscoveryClient-InstanceInfoReplicator-0] com.netflix.discovery.DiscoveryClient    : DiscoveryClient_ORDERMS/HemanthVenkat:orderms:8495 - registration status: 204
2021-08-13 10:21:53.890  INFO 7496 --- [main] c.t.stockapp.orderms.OrderApplication    : Started OrderApplication in 9.694 seconds (JVM running for 10.334)
2021-08-13 10:21:53.896  INFO 7496 --- [main] c.t.stockapp.orderms.OrderApplication    : ***Repository added successfully
2021-08-13 10:21:53.896  INFO 7496 --- [main] c.t.stockapp.orderms.OrderApplication    : ***Service method tested successfully
2021-08-13 10:22:31.242  INFO 7496 --- [http-nio-8495-exec-1] o.a.c.c.C.[Tomcat].[localhost].[/]       : Initializing Spring DispatcherServlet 'dispatcherServlet'
2021-08-13 10:22:31.247  INFO 7496 --- [http-nio-8495-exec-1] o.s.web.servlet.DispatcherServlet        : Initializing Servlet 'dispatcherServlet'
2021-08-13 10:22:31.258  INFO 7496 --- [http-nio-8495-exec-1] o.s.web.servlet.DispatcherServlet        : Completed initialization in 8 ms
2021-08-13 10:22:33.179  INFO 7496 --- [http-nio-8495-exec-4] o.springdoc.api.AbstractOpenApiResource  : Init duration for springdoc-openapi is: 519 ms
2021-08-13 10:23:00.078  WARN 7496 --- [boundedElastic-1] o.s.c.l.core.RoundRobinLoadBalancer      : No servers available for service: stockms
2021-08-13 10:23:21.444  WARN 7496 --- [boundedElastic-1] o.s.c.l.core.RoundRobinLoadBalancer      : No servers available for service: stockms
2021-08-13 10:23:30.168  WARN 7496 --- [boundedElastic-1] o.s.c.l.core.RoundRobinLoadBalancer      : No servers available for service: stockms
