2021-08-16 11:32:46.343  INFO 16276 --- [main] c.t.s.s.SuppliedStockmsApplication       : Starting SuppliedStockmsApplication using Java 1.8.0_291 on HemanthVenkat with PID 16276 (C:\Users\Hemanth Venkat\Desktop\CAPGEMINI\workspace\StockApp\stockmanagementapplication\suppliedstockms\build\classes\java\main started by Hemanth Venkat in C:\Users\Hemanth Venkat\Desktop\CAPGEMINI\workspace\StockApp\stockmanagementapplication\suppliedstockms)
2021-08-16 11:32:46.363  INFO 16276 --- [main] c.t.s.s.SuppliedStockmsApplication       : No active profile set, falling back to default profiles: default
2021-08-16 11:32:47.947  INFO 16276 --- [main] .s.d.r.c.RepositoryConfigurationDelegate : Bootstrapping Spring Data JPA repositories in DEFAULT mode.
2021-08-16 11:32:48.063  INFO 16276 --- [main] .s.d.r.c.RepositoryConfigurationDelegate : Finished Spring Data repository scanning in 103 ms. Found 1 JPA repository interfaces.
2021-08-16 11:32:48.320  INFO 16276 --- [main] o.s.cloud.context.scope.GenericScope     : BeanFactory id=452acf24-e533-35ce-8ce4-b34fb0f0271e
2021-08-16 11:32:49.250  INFO 16276 --- [main] o.s.b.w.embedded.tomcat.TomcatWebServer  : Tomcat initialized with port(s): 8488 (http)
2021-08-16 11:32:49.259  INFO 16276 --- [main] o.apache.catalina.core.StandardService   : Starting service [Tomcat]
2021-08-16 11:32:49.259  INFO 16276 --- [main] org.apache.catalina.core.StandardEngine  : Starting Servlet engine: [Apache Tomcat/9.0.48]
2021-08-16 11:32:49.450  INFO 16276 --- [main] o.a.c.c.C.[Tomcat].[localhost].[/]       : Initializing Spring embedded WebApplicationContext
2021-08-16 11:32:49.451  INFO 16276 --- [main] w.s.c.ServletWebServerApplicationContext : Root WebApplicationContext: initialization completed in 3040 ms
2021-08-16 11:32:49.886  INFO 16276 --- [main] o.hibernate.jpa.internal.util.LogHelper  : HHH000204: Processing PersistenceUnitInfo [name: default]
2021-08-16 11:32:49.993  INFO 16276 --- [main] org.hibernate.Version                    : HHH000412: Hibernate ORM core version 5.4.32.Final
2021-08-16 11:32:50.278  INFO 16276 --- [main] o.hibernate.annotations.common.Version   : HCANN000001: Hibernate Commons Annotations {5.1.2.Final}
2021-08-16 11:32:50.566  INFO 16276 --- [main] com.zaxxer.hikari.HikariDataSource       : HikariPool-1 - Starting...
2021-08-16 11:32:51.965  INFO 16276 --- [main] com.zaxxer.hikari.HikariDataSource       : HikariPool-1 - Start completed.
2021-08-16 11:32:52.021  INFO 16276 --- [main] org.hibernate.dialect.Dialect            : HHH000400: Using dialect: org.hibernate.dialect.PostgreSQL95Dialect
2021-08-16 11:32:54.422  INFO 16276 --- [main] o.h.e.t.j.p.i.JtaPlatformInitiator       : HHH000490: Using JtaPlatform implementation: [org.hibernate.engine.transaction.jta.platform.internal.NoJtaPlatform]
2021-08-16 11:32:54.438  INFO 16276 --- [main] j.LocalContainerEntityManagerFactoryBean : Initialized JPA EntityManagerFactory for persistence unit 'default'
2021-08-16 11:32:55.481  WARN 16276 --- [main] JpaBaseConfiguration$JpaWebConfiguration : spring.jpa.open-in-view is enabled by default. Therefore, database queries may be performed during view rendering. Explicitly configure spring.jpa.open-in-view to disable this warning
2021-08-16 11:32:57.775  INFO 16276 --- [main] DiscoveryClientOptionalArgsConfiguration : Eureka HTTP Client uses RestTemplate.
2021-08-16 11:32:57.832  WARN 16276 --- [main] iguration$LoadBalancerCaffeineWarnLogger : Spring Cloud LoadBalancer is currently working with the default cache. You can switch to using Caffeine cache, by adding it and org.springframework.cache.caffeine.CaffeineCacheManager to the classpath.
2021-08-16 11:32:57.838  INFO 16276 --- [main] o.s.b.a.e.web.EndpointLinksResolver      : Exposing 17 endpoint(s) beneath base path '/actuator'
2021-08-16 11:32:57.876  INFO 16276 --- [main] o.s.c.n.eureka.InstanceInfoFactory       : Setting initial instance status as: STARTING
2021-08-16 11:32:57.937  INFO 16276 --- [main] com.netflix.discovery.DiscoveryClient    : Initializing Eureka in region us-east-1
2021-08-16 11:32:57.963  INFO 16276 --- [main] c.n.d.s.r.aws.ConfigClusterResolver      : Resolving eureka endpoints via configuration
2021-08-16 11:32:57.998  INFO 16276 --- [main] com.netflix.discovery.DiscoveryClient    : Disable delta property : false
2021-08-16 11:32:57.998  INFO 16276 --- [main] com.netflix.discovery.DiscoveryClient    : Single vip registry refresh property : null
2021-08-16 11:32:57.998  INFO 16276 --- [main] com.netflix.discovery.DiscoveryClient    : Force full registry fetch : false
2021-08-16 11:32:57.998  INFO 16276 --- [main] com.netflix.discovery.DiscoveryClient    : Application is null : false
2021-08-16 11:32:57.998  INFO 16276 --- [main] com.netflix.discovery.DiscoveryClient    : Registered Applications size is zero : true
2021-08-16 11:32:57.998  INFO 16276 --- [main] com.netflix.discovery.DiscoveryClient    : Application version is -1: true
2021-08-16 11:32:57.998  INFO 16276 --- [main] com.netflix.discovery.DiscoveryClient    : Getting all instance registry info from the eureka server
2021-08-16 11:32:58.842  INFO 16276 --- [main] com.netflix.discovery.DiscoveryClient    : The response status is 200
2021-08-16 11:32:58.845  INFO 16276 --- [main] com.netflix.discovery.DiscoveryClient    : Starting heartbeat executor: renew interval is: 30
2021-08-16 11:32:58.849  INFO 16276 --- [main] c.n.discovery.InstanceInfoReplicator     : InstanceInfoReplicator onDemand update allowed rate per min is 4
2021-08-16 11:32:58.855  INFO 16276 --- [main] com.netflix.discovery.DiscoveryClient    : Discovery Client initialized at timestamp 1629093778854 with initial instances count: 0
2021-08-16 11:32:58.857  INFO 16276 --- [main] o.s.c.n.e.s.EurekaServiceRegistry        : Registering application SUPPLIEDSTOCKMS with eureka with status UP
2021-08-16 11:32:58.857  INFO 16276 --- [main] com.netflix.discovery.DiscoveryClient    : Saw local status change event StatusChangeEvent [timestamp=1629093778857, current=UP, previous=STARTING]
2021-08-16 11:32:58.860  INFO 16276 --- [DiscoveryClient-InstanceInfoReplicator-0] com.netflix.discovery.DiscoveryClient    : DiscoveryClient_SUPPLIEDSTOCKMS/HemanthVenkat:suppliedstockms:8488: registering service...
2021-08-16 11:32:58.882  INFO 16276 --- [main] o.s.b.w.embedded.tomcat.TomcatWebServer  : Tomcat started on port(s): 8488 (http) with context path ''
2021-08-16 11:32:58.883  INFO 16276 --- [main] .s.c.n.e.s.EurekaAutoServiceRegistration : Updating port to 8488
2021-08-16 11:32:59.031  INFO 16276 --- [DiscoveryClient-InstanceInfoReplicator-0] com.netflix.discovery.DiscoveryClient    : DiscoveryClient_SUPPLIEDSTOCKMS/HemanthVenkat:suppliedstockms:8488 - registration status: 204
2021-08-16 11:32:59.319  INFO 16276 --- [main] c.t.s.s.SuppliedStockmsApplication       : Started SuppliedStockmsApplication in 13.922 seconds (JVM running for 14.602)
2021-08-16 11:32:59.326  INFO 16276 --- [main] c.t.s.s.SuppliedStockmsApplication       : Successfully Executed
2021-08-16 11:33:28.855  INFO 16276 --- [DiscoveryClient-CacheRefreshExecutor-0] com.netflix.discovery.DiscoveryClient    : Disable delta property : false
2021-08-16 11:33:28.856  INFO 16276 --- [DiscoveryClient-CacheRefreshExecutor-0] com.netflix.discovery.DiscoveryClient    : Single vip registry refresh property : null
2021-08-16 11:33:28.856  INFO 16276 --- [DiscoveryClient-CacheRefreshExecutor-0] com.netflix.discovery.DiscoveryClient    : Force full registry fetch : false
2021-08-16 11:33:28.856  INFO 16276 --- [DiscoveryClient-CacheRefreshExecutor-0] com.netflix.discovery.DiscoveryClient    : Application is null : false
2021-08-16 11:33:28.856  INFO 16276 --- [DiscoveryClient-CacheRefreshExecutor-0] com.netflix.discovery.DiscoveryClient    : Registered Applications size is zero : true
2021-08-16 11:33:28.856  INFO 16276 --- [DiscoveryClient-CacheRefreshExecutor-0] com.netflix.discovery.DiscoveryClient    : Application version is -1: false
2021-08-16 11:33:28.856  INFO 16276 --- [DiscoveryClient-CacheRefreshExecutor-0] com.netflix.discovery.DiscoveryClient    : Getting all instance registry info from the eureka server
2021-08-16 11:33:28.888  INFO 16276 --- [DiscoveryClient-CacheRefreshExecutor-0] com.netflix.discovery.DiscoveryClient    : The response status is 200
2021-08-16 11:34:34.431  INFO 16276 --- [http-nio-8488-exec-1] o.a.c.c.C.[Tomcat].[localhost].[/]       : Initializing Spring DispatcherServlet 'dispatcherServlet'
2021-08-16 11:34:34.432  INFO 16276 --- [http-nio-8488-exec-1] o.s.web.servlet.DispatcherServlet        : Initializing Servlet 'dispatcherServlet'
2021-08-16 11:34:34.434  INFO 16276 --- [http-nio-8488-exec-1] o.s.web.servlet.DispatcherServlet        : Completed initialization in 2 ms
2021-08-16 11:34:35.350  INFO 16276 --- [http-nio-8488-exec-3] o.springdoc.api.AbstractOpenApiResource  : Init duration for springdoc-openapi is: 384 ms
