2021-07-28 00:03:43.641  INFO 20416 --- [main] c.t.s.s.SuppliedStockmsApplication       : Starting SuppliedStockmsApplication using Java 15 on LIN24004738 with PID 20416 (C:\Users\pakadava\OneDrive - Capgemini\Documents\suppliedstockms\bin\main started by pakadava in C:\Users\pakadava\OneDrive - Capgemini\Documents\suppliedstockms)
2021-07-28 00:03:43.650  INFO 20416 --- [main] c.t.s.s.SuppliedStockmsApplication       : No active profile set, falling back to default profiles: default
2021-07-28 00:03:45.471  INFO 20416 --- [main] .s.d.r.c.RepositoryConfigurationDelegate : Bootstrapping Spring Data JPA repositories in DEFAULT mode.
2021-07-28 00:03:45.557  INFO 20416 --- [main] .s.d.r.c.RepositoryConfigurationDelegate : Finished Spring Data repository scanning in 67 ms. Found 1 JPA repository interfaces.
2021-07-28 00:03:46.383  INFO 20416 --- [main] o.s.b.w.embedded.tomcat.TomcatWebServer  : Tomcat initialized with port(s): 8485 (http)
2021-07-28 00:03:46.397  INFO 20416 --- [main] o.apache.catalina.core.StandardService   : Starting service [Tomcat]
2021-07-28 00:03:46.398  INFO 20416 --- [main] org.apache.catalina.core.StandardEngine  : Starting Servlet engine: [Apache Tomcat/9.0.48]
2021-07-28 00:03:46.636  INFO 20416 --- [main] o.a.c.c.C.[Tomcat].[localhost].[/]       : Initializing Spring embedded WebApplicationContext
2021-07-28 00:03:46.637  INFO 20416 --- [main] w.s.c.ServletWebServerApplicationContext : Root WebApplicationContext: initialization completed in 2925 ms
2021-07-28 00:03:47.098  INFO 20416 --- [main] o.hibernate.jpa.internal.util.LogHelper  : HHH000204: Processing PersistenceUnitInfo [name: default]
2021-07-28 00:03:47.188  INFO 20416 --- [main] org.hibernate.Version                    : HHH000412: Hibernate ORM core version 5.4.32.Final
2021-07-28 00:03:47.389  INFO 20416 --- [main] o.hibernate.annotations.common.Version   : HCANN000001: Hibernate Commons Annotations {5.1.2.Final}
2021-07-28 00:03:47.548  INFO 20416 --- [main] com.zaxxer.hikari.HikariDataSource       : HikariPool-1 - Starting...
2021-07-28 00:03:47.554  WARN 20416 --- [main] com.zaxxer.hikari.util.DriverDataSource  : Registered driver with driverClassName=org.hsqldb.jdbcDriver was not found, trying direct instantiation.
2021-07-28 00:03:47.809  INFO 20416 --- [main] com.zaxxer.hikari.pool.PoolBase          : HikariPool-1 - Driver does not support get/set network timeout for connections. (feature not supported)
2021-07-28 00:03:47.811  INFO 20416 --- [main] com.zaxxer.hikari.HikariDataSource       : HikariPool-1 - Start completed.
2021-07-28 00:03:47.826  INFO 20416 --- [main] org.hibernate.dialect.Dialect            : HHH000400: Using dialect: org.hibernate.dialect.HSQLDialect
2021-07-28 00:03:48.390  INFO 20416 --- [main] o.h.e.t.j.p.i.JtaPlatformInitiator       : HHH000490: Using JtaPlatform implementation: [org.hibernate.engine.transaction.jta.platform.internal.NoJtaPlatform]
2021-07-28 00:03:48.397  INFO 20416 --- [main] j.LocalContainerEntityManagerFactoryBean : Initialized JPA EntityManagerFactory for persistence unit 'default'
2021-07-28 00:03:49.062  INFO 20416 --- [main] c.t.s.s.util.SuppliedStockManualTesting  : SuppliedStockDetails [id=1, stockId=100, supplierId=1000, suppliedDate=24-07-2021, suppliedcost=50000.0, units=200]
2021-07-28 00:03:49.095  INFO 20416 --- [main] c.t.s.s.util.SuppliedStockManualTesting  : SuppliedStockDetails [id=1, stockId=100, supplierId=1000, suppliedDate=24-07-2021, suppliedcost=50000.0, units=200]
2021-07-28 00:03:49.211  WARN 20416 --- [main] JpaBaseConfiguration$JpaWebConfiguration : spring.jpa.open-in-view is enabled by default. Therefore, database queries may be performed during view rendering. Explicitly configure spring.jpa.open-in-view to disable this warning
2021-07-28 00:03:50.443  INFO 20416 --- [main] o.s.b.a.e.web.EndpointLinksResolver      : Exposing 1 endpoint(s) beneath base path '/actuator'
2021-07-28 00:03:50.509  INFO 20416 --- [main] o.s.b.w.embedded.tomcat.TomcatWebServer  : Tomcat started on port(s): 8485 (http) with context path ''
2021-07-28 00:03:50.526  INFO 20416 --- [main] c.t.s.s.SuppliedStockmsApplication       : Started SuppliedStockmsApplication in 7.302 seconds (JVM running for 7.711)
2021-07-28 00:03:50.580  INFO 20416 --- [main] c.t.s.s.SuppliedStockmsApplication       : Successfully Executed
2021-07-28 00:03:56.309  INFO 20416 --- [http-nio-8485-exec-1] o.a.c.c.C.[Tomcat].[localhost].[/]       : Initializing Spring DispatcherServlet 'dispatcherServlet'
2021-07-28 00:03:56.309  INFO 20416 --- [http-nio-8485-exec-1] o.s.web.servlet.DispatcherServlet        : Initializing Servlet 'dispatcherServlet'
2021-07-28 00:03:56.310  INFO 20416 --- [http-nio-8485-exec-1] o.s.web.servlet.DispatcherServlet        : Completed initialization in 1 ms
2021-07-28 00:03:57.541  INFO 20416 --- [http-nio-8485-exec-4] o.springdoc.api.AbstractOpenApiResource  : Init duration for springdoc-openapi is: 298 ms
2021-07-28 00:07:48.095  INFO 22568 --- [main] c.t.s.s.SuppliedStockmsApplication       : Starting SuppliedStockmsApplication using Java 15 on LIN24004738 with PID 22568 (C:\Users\pakadava\OneDrive - Capgemini\Documents\suppliedstockms\bin\main started by pakadava in C:\Users\pakadava\OneDrive - Capgemini\Documents\suppliedstockms)
2021-07-28 00:07:48.098  INFO 22568 --- [main] c.t.s.s.SuppliedStockmsApplication       : No active profile set, falling back to default profiles: default
2021-07-28 00:07:49.738  INFO 22568 --- [main] .s.d.r.c.RepositoryConfigurationDelegate : Bootstrapping Spring Data JPA repositories in DEFAULT mode.
2021-07-28 00:07:49.862  INFO 22568 --- [main] .s.d.r.c.RepositoryConfigurationDelegate : Finished Spring Data repository scanning in 94 ms. Found 1 JPA repository interfaces.
2021-07-28 00:07:50.682  INFO 22568 --- [main] o.s.b.w.embedded.tomcat.TomcatWebServer  : Tomcat initialized with port(s): 8485 (http)
2021-07-28 00:07:50.702  INFO 22568 --- [main] o.apache.catalina.core.StandardService   : Starting service [Tomcat]
2021-07-28 00:07:50.703  INFO 22568 --- [main] org.apache.catalina.core.StandardEngine  : Starting Servlet engine: [Apache Tomcat/9.0.48]
2021-07-28 00:07:50.865  INFO 22568 --- [main] o.a.c.c.C.[Tomcat].[localhost].[/]       : Initializing Spring embedded WebApplicationContext
2021-07-28 00:07:50.865  INFO 22568 --- [main] w.s.c.ServletWebServerApplicationContext : Root WebApplicationContext: initialization completed in 2724 ms
2021-07-28 00:07:51.311  INFO 22568 --- [main] o.hibernate.jpa.internal.util.LogHelper  : HHH000204: Processing PersistenceUnitInfo [name: default]
2021-07-28 00:07:51.407  INFO 22568 --- [main] org.hibernate.Version                    : HHH000412: Hibernate ORM core version 5.4.32.Final
2021-07-28 00:07:51.630  INFO 22568 --- [main] o.hibernate.annotations.common.Version   : HCANN000001: Hibernate Commons Annotations {5.1.2.Final}
2021-07-28 00:07:51.801  INFO 22568 --- [main] com.zaxxer.hikari.HikariDataSource       : HikariPool-1 - Starting...
2021-07-28 00:07:51.812  WARN 22568 --- [main] com.zaxxer.hikari.util.DriverDataSource  : Registered driver with driverClassName=org.hsqldb.jdbcDriver was not found, trying direct instantiation.
2021-07-28 00:07:52.131  INFO 22568 --- [main] com.zaxxer.hikari.pool.PoolBase          : HikariPool-1 - Driver does not support get/set network timeout for connections. (feature not supported)
2021-07-28 00:07:52.136  INFO 22568 --- [main] com.zaxxer.hikari.HikariDataSource       : HikariPool-1 - Start completed.
2021-07-28 00:07:52.164  INFO 22568 --- [main] org.hibernate.dialect.Dialect            : HHH000400: Using dialect: org.hibernate.dialect.HSQLDialect
2021-07-28 00:07:52.820  INFO 22568 --- [main] o.h.e.t.j.p.i.JtaPlatformInitiator       : HHH000490: Using JtaPlatform implementation: [org.hibernate.engine.transaction.jta.platform.internal.NoJtaPlatform]
2021-07-28 00:07:52.831  INFO 22568 --- [main] j.LocalContainerEntityManagerFactoryBean : Initialized JPA EntityManagerFactory for persistence unit 'default'
2021-07-28 00:07:53.607  INFO 22568 --- [main] c.t.s.s.util.SuppliedStockManualTesting  : SuppliedStockDetails [id=1, stockId=100, supplierId=1000, suppliedDate=24-07-2021, suppliedcost=50000.0, units=200]
2021-07-28 00:07:53.633  INFO 22568 --- [main] c.t.s.s.util.SuppliedStockManualTesting  : SuppliedStockDetails [id=1, stockId=100, supplierId=1000, suppliedDate=24-07-2021, suppliedcost=50000.0, units=200]
2021-07-28 00:07:53.741  WARN 22568 --- [main] JpaBaseConfiguration$JpaWebConfiguration : spring.jpa.open-in-view is enabled by default. Therefore, database queries may be performed during view rendering. Explicitly configure spring.jpa.open-in-view to disable this warning
2021-07-28 00:07:54.828  INFO 22568 --- [main] o.s.b.a.e.web.EndpointLinksResolver      : Exposing 1 endpoint(s) beneath base path '/actuator'
2021-07-28 00:07:54.901  INFO 22568 --- [main] o.s.b.w.embedded.tomcat.TomcatWebServer  : Tomcat started on port(s): 8485 (http) with context path ''
2021-07-28 00:07:54.926  INFO 22568 --- [main] c.t.s.s.SuppliedStockmsApplication       : Started SuppliedStockmsApplication in 7.238 seconds (JVM running for 7.654)
2021-07-28 00:07:54.975  INFO 22568 --- [main] c.t.s.s.SuppliedStockmsApplication       : Successfully Executed
2021-07-28 00:08:03.971  INFO 22568 --- [http-nio-8485-exec-1] o.a.c.c.C.[Tomcat].[localhost].[/]       : Initializing Spring DispatcherServlet 'dispatcherServlet'
2021-07-28 00:08:03.971  INFO 22568 --- [http-nio-8485-exec-1] o.s.web.servlet.DispatcherServlet        : Initializing Servlet 'dispatcherServlet'
2021-07-28 00:08:03.972  INFO 22568 --- [http-nio-8485-exec-1] o.s.web.servlet.DispatcherServlet        : Completed initialization in 0 ms
2021-07-28 00:08:05.442  INFO 22568 --- [http-nio-8485-exec-6] o.springdoc.api.AbstractOpenApiResource  : Init duration for springdoc-openapi is: 293 ms
2021-07-28 00:17:33.479  INFO 15456 --- [main] c.t.s.s.SuppliedStockmsApplication       : Starting SuppliedStockmsApplication using Java 15 on LIN24004738 with PID 15456 (C:\Users\pakadava\OneDrive - Capgemini\Documents\suppliedstockms\bin\main started by pakadava in C:\Users\pakadava\OneDrive - Capgemini\Documents\suppliedstockms)
2021-07-28 00:17:33.481  INFO 15456 --- [main] c.t.s.s.SuppliedStockmsApplication       : No active profile set, falling back to default profiles: default
2021-07-28 00:17:34.765  INFO 15456 --- [main] .s.d.r.c.RepositoryConfigurationDelegate : Bootstrapping Spring Data JPA repositories in DEFAULT mode.
2021-07-28 00:17:34.848  INFO 15456 --- [main] .s.d.r.c.RepositoryConfigurationDelegate : Finished Spring Data repository scanning in 67 ms. Found 1 JPA repository interfaces.
2021-07-28 00:17:35.606  INFO 15456 --- [main] o.s.b.w.embedded.tomcat.TomcatWebServer  : Tomcat initialized with port(s): 8485 (http)
2021-07-28 00:17:35.620  INFO 15456 --- [main] o.apache.catalina.core.StandardService   : Starting service [Tomcat]
2021-07-28 00:17:35.621  INFO 15456 --- [main] org.apache.catalina.core.StandardEngine  : Starting Servlet engine: [Apache Tomcat/9.0.48]
2021-07-28 00:17:35.787  INFO 15456 --- [main] o.a.c.c.C.[Tomcat].[localhost].[/]       : Initializing Spring embedded WebApplicationContext
2021-07-28 00:17:35.788  INFO 15456 --- [main] w.s.c.ServletWebServerApplicationContext : Root WebApplicationContext: initialization completed in 2261 ms
2021-07-28 00:17:36.154  INFO 15456 --- [main] o.hibernate.jpa.internal.util.LogHelper  : HHH000204: Processing PersistenceUnitInfo [name: default]
2021-07-28 00:17:36.211  INFO 15456 --- [main] org.hibernate.Version                    : HHH000412: Hibernate ORM core version 5.4.32.Final
2021-07-28 00:17:36.394  INFO 15456 --- [main] o.hibernate.annotations.common.Version   : HCANN000001: Hibernate Commons Annotations {5.1.2.Final}
2021-07-28 00:17:36.512  INFO 15456 --- [main] com.zaxxer.hikari.HikariDataSource       : HikariPool-1 - Starting...
2021-07-28 00:17:36.516  WARN 15456 --- [main] com.zaxxer.hikari.util.DriverDataSource  : Registered driver with driverClassName=org.hsqldb.jdbcDriver was not found, trying direct instantiation.
2021-07-28 00:17:36.796  INFO 15456 --- [main] com.zaxxer.hikari.pool.PoolBase          : HikariPool-1 - Driver does not support get/set network timeout for connections. (feature not supported)
2021-07-28 00:17:36.799  INFO 15456 --- [main] com.zaxxer.hikari.HikariDataSource       : HikariPool-1 - Start completed.
2021-07-28 00:17:36.813  INFO 15456 --- [main] org.hibernate.dialect.Dialect            : HHH000400: Using dialect: org.hibernate.dialect.HSQLDialect
2021-07-28 00:17:37.404  INFO 15456 --- [main] o.h.e.t.j.p.i.JtaPlatformInitiator       : HHH000490: Using JtaPlatform implementation: [org.hibernate.engine.transaction.jta.platform.internal.NoJtaPlatform]
2021-07-28 00:17:37.412  INFO 15456 --- [main] j.LocalContainerEntityManagerFactoryBean : Initialized JPA EntityManagerFactory for persistence unit 'default'
2021-07-28 00:17:38.104  INFO 15456 --- [main] c.t.s.s.util.SuppliedStockManualTesting  : SuppliedStockDetails [id=1, stockId=100, supplierId=1000, suppliedDate=24-07-2021, suppliedcost=50000.0, units=200]
2021-07-28 00:17:38.148  INFO 15456 --- [main] c.t.s.s.util.SuppliedStockManualTesting  : SuppliedStockDetails [id=1, stockId=100, supplierId=1000, suppliedDate=24-07-2021, suppliedcost=50000.0, units=200]
2021-07-28 00:17:38.258  WARN 15456 --- [main] JpaBaseConfiguration$JpaWebConfiguration : spring.jpa.open-in-view is enabled by default. Therefore, database queries may be performed during view rendering. Explicitly configure spring.jpa.open-in-view to disable this warning
2021-07-28 00:17:39.302  INFO 15456 --- [main] o.s.b.a.e.web.EndpointLinksResolver      : Exposing 1 endpoint(s) beneath base path '/actuator'
2021-07-28 00:17:39.363  INFO 15456 --- [main] o.s.b.w.embedded.tomcat.TomcatWebServer  : Tomcat started on port(s): 8485 (http) with context path ''
2021-07-28 00:17:39.387  INFO 15456 --- [main] c.t.s.s.SuppliedStockmsApplication       : Started SuppliedStockmsApplication in 6.318 seconds (JVM running for 6.758)
2021-07-28 00:17:39.431  INFO 15456 --- [main] c.t.s.s.SuppliedStockmsApplication       : Successfully Executed
2021-07-28 00:18:49.572  INFO 10140 --- [main] c.t.s.s.SuppliedStockmsApplication       : Starting SuppliedStockmsApplication using Java 15 on LIN24004738 with PID 10140 (C:\Users\pakadava\OneDrive - Capgemini\Documents\suppliedstockms\bin\main started by pakadava in C:\Users\pakadava\OneDrive - Capgemini\Documents\suppliedstockms)
2021-07-28 00:18:49.575  INFO 10140 --- [main] c.t.s.s.SuppliedStockmsApplication       : No active profile set, falling back to default profiles: default
2021-07-28 00:18:50.971  INFO 10140 --- [main] .s.d.r.c.RepositoryConfigurationDelegate : Bootstrapping Spring Data JPA repositories in DEFAULT mode.
2021-07-28 00:18:51.051  INFO 10140 --- [main] .s.d.r.c.RepositoryConfigurationDelegate : Finished Spring Data repository scanning in 65 ms. Found 1 JPA repository interfaces.
2021-07-28 00:18:51.831  INFO 10140 --- [main] o.s.b.w.embedded.tomcat.TomcatWebServer  : Tomcat initialized with port(s): 8485 (http)
2021-07-28 00:18:51.844  INFO 10140 --- [main] o.apache.catalina.core.StandardService   : Starting service [Tomcat]
2021-07-28 00:18:51.844  INFO 10140 --- [main] org.apache.catalina.core.StandardEngine  : Starting Servlet engine: [Apache Tomcat/9.0.48]
2021-07-28 00:18:51.988  INFO 10140 --- [main] o.a.c.c.C.[Tomcat].[localhost].[/]       : Initializing Spring embedded WebApplicationContext
2021-07-28 00:18:51.989  INFO 10140 --- [main] w.s.c.ServletWebServerApplicationContext : Root WebApplicationContext: initialization completed in 2369 ms
2021-07-28 00:18:52.330  INFO 10140 --- [main] o.hibernate.jpa.internal.util.LogHelper  : HHH000204: Processing PersistenceUnitInfo [name: default]
2021-07-28 00:18:52.402  INFO 10140 --- [main] org.hibernate.Version                    : HHH000412: Hibernate ORM core version 5.4.32.Final
2021-07-28 00:18:52.590  INFO 10140 --- [main] o.hibernate.annotations.common.Version   : HCANN000001: Hibernate Commons Annotations {5.1.2.Final}
2021-07-28 00:18:52.705  INFO 10140 --- [main] com.zaxxer.hikari.HikariDataSource       : HikariPool-1 - Starting...
2021-07-28 00:18:52.714  WARN 10140 --- [main] com.zaxxer.hikari.util.DriverDataSource  : Registered driver with driverClassName=org.hsqldb.jdbcDriver was not found, trying direct instantiation.
2021-07-28 00:18:53.033  INFO 10140 --- [main] com.zaxxer.hikari.pool.PoolBase          : HikariPool-1 - Driver does not support get/set network timeout for connections. (feature not supported)
2021-07-28 00:18:53.039  INFO 10140 --- [main] com.zaxxer.hikari.HikariDataSource       : HikariPool-1 - Start completed.
2021-07-28 00:18:53.068  INFO 10140 --- [main] org.hibernate.dialect.Dialect            : HHH000400: Using dialect: org.hibernate.dialect.HSQLDialect
2021-07-28 00:18:53.688  INFO 10140 --- [main] o.h.e.t.j.p.i.JtaPlatformInitiator       : HHH000490: Using JtaPlatform implementation: [org.hibernate.engine.transaction.jta.platform.internal.NoJtaPlatform]
2021-07-28 00:18:53.696  INFO 10140 --- [main] j.LocalContainerEntityManagerFactoryBean : Initialized JPA EntityManagerFactory for persistence unit 'default'
2021-07-28 00:18:54.421  INFO 10140 --- [main] c.t.s.s.util.SuppliedStockManualTesting  : SuppliedStockDetails [id=1, stockId=100, supplierId=1000, suppliedDate=24-07-2021, suppliedcost=50000.0, units=200]
2021-07-28 00:18:54.450  INFO 10140 --- [main] c.t.s.s.util.SuppliedStockManualTesting  : SuppliedStockDetails [id=1, stockId=100, supplierId=1000, suppliedDate=24-07-2021, suppliedcost=50000.0, units=200]
2021-07-28 00:18:54.563  WARN 10140 --- [main] JpaBaseConfiguration$JpaWebConfiguration : spring.jpa.open-in-view is enabled by default. Therefore, database queries may be performed during view rendering. Explicitly configure spring.jpa.open-in-view to disable this warning
2021-07-28 00:18:55.785  INFO 10140 --- [main] o.s.b.a.e.web.EndpointLinksResolver      : Exposing 1 endpoint(s) beneath base path '/actuator'
2021-07-28 00:18:55.892  INFO 10140 --- [main] o.s.b.w.embedded.tomcat.TomcatWebServer  : Tomcat started on port(s): 8485 (http) with context path ''
2021-07-28 00:18:55.912  INFO 10140 --- [main] c.t.s.s.SuppliedStockmsApplication       : Started SuppliedStockmsApplication in 6.749 seconds (JVM running for 7.166)
2021-07-28 00:18:55.981  INFO 10140 --- [main] c.t.s.s.SuppliedStockmsApplication       : Successfully Executed
