2021-07-29 00:06:58.450  INFO 18852 --- [main] c.t.s.deliveryms.DeliverymsApplication   : Starting DeliverymsApplication using Java 1.8.0_291 on HemanthVenkat with PID 18852 (C:\Users\Hemanth Venkat\Desktop\CAPGEMINI\workspace\stockmanagementapplication\deliveryms\build\classes\java\main started by Hemanth Venkat in C:\Users\Hemanth Venkat\Desktop\CAPGEMINI\workspace\stockmanagementapplication\deliveryms)
2021-07-29 00:06:58.460 DEBUG 18852 --- [main] c.t.s.deliveryms.DeliverymsApplication   : Running with Spring Boot v2.5.3, Spring v5.3.9
2021-07-29 00:06:58.460  INFO 18852 --- [main] c.t.s.deliveryms.DeliverymsApplication   : No active profile set, falling back to default profiles: default
2021-07-29 00:07:01.707  INFO 18852 --- [main] .s.d.r.c.RepositoryConfigurationDelegate : Bootstrapping Spring Data JPA repositories in DEFAULT mode.
2021-07-29 00:07:01.925  INFO 18852 --- [main] .s.d.r.c.RepositoryConfigurationDelegate : Finished Spring Data repository scanning in 178 ms. Found 1 JPA repository interfaces.
2021-07-29 00:07:02.392  INFO 18852 --- [main] o.s.cloud.context.scope.GenericScope     : BeanFactory id=148a7f3e-383b-32a6-be12-d9704463dbb9
2021-07-29 00:07:03.743  INFO 18852 --- [main] o.s.b.w.embedded.tomcat.TomcatWebServer  : Tomcat initialized with port(s): 8484 (http)
2021-07-29 00:07:03.754  INFO 18852 --- [main] o.apache.catalina.core.StandardService   : Starting service [Tomcat]
2021-07-29 00:07:03.754  INFO 18852 --- [main] org.apache.catalina.core.StandardEngine  : Starting Servlet engine: [Apache Tomcat/9.0.50]
2021-07-29 00:07:03.961  INFO 18852 --- [main] o.a.c.c.C.[Tomcat].[localhost].[/]       : Initializing Spring embedded WebApplicationContext
2021-07-29 00:07:03.961  INFO 18852 --- [main] w.s.c.ServletWebServerApplicationContext : Root WebApplicationContext: initialization completed in 5373 ms
2021-07-29 00:07:04.502  INFO 18852 --- [main] o.hibernate.jpa.internal.util.LogHelper  : HHH000204: Processing PersistenceUnitInfo [name: default]
2021-07-29 00:07:04.609  INFO 18852 --- [main] org.hibernate.Version                    : HHH000412: Hibernate ORM core version 5.4.32.Final
2021-07-29 00:07:04.912  INFO 18852 --- [main] o.hibernate.annotations.common.Version   : HCANN000001: Hibernate Commons Annotations {5.1.2.Final}
2021-07-29 00:07:05.139  INFO 18852 --- [main] com.zaxxer.hikari.HikariDataSource       : HikariPool-1 - Starting...
2021-07-29 00:07:06.252  INFO 18852 --- [main] com.zaxxer.hikari.HikariDataSource       : HikariPool-1 - Start completed.
2021-07-29 00:07:06.301  INFO 18852 --- [main] org.hibernate.dialect.Dialect            : HHH000400: Using dialect: org.hibernate.dialect.PostgreSQL95Dialect
2021-07-29 00:07:08.174  INFO 18852 --- [main] o.h.e.t.j.p.i.JtaPlatformInitiator       : HHH000490: Using JtaPlatform implementation: [org.hibernate.engine.transaction.jta.platform.internal.NoJtaPlatform]
2021-07-29 00:07:08.186  INFO 18852 --- [main] j.LocalContainerEntityManagerFactoryBean : Initialized JPA EntityManagerFactory for persistence unit 'default'
2021-07-29 00:07:09.252  WARN 18852 --- [main] JpaBaseConfiguration$JpaWebConfiguration : spring.jpa.open-in-view is enabled by default. Therefore, database queries may be performed during view rendering. Explicitly configure spring.jpa.open-in-view to disable this warning
2021-07-29 00:07:12.474  INFO 18852 --- [main] DiscoveryClientOptionalArgsConfiguration : Eureka HTTP Client uses RestTemplate.
2021-07-29 00:07:12.563  WARN 18852 --- [main] iguration$LoadBalancerCaffeineWarnLogger : Spring Cloud LoadBalancer is currently working with the default cache. You can switch to using Caffeine cache, by adding it and org.springframework.cache.caffeine.CaffeineCacheManager to the classpath.
2021-07-29 00:07:12.589  INFO 18852 --- [main] o.s.b.a.e.web.EndpointLinksResolver      : Exposing 17 endpoint(s) beneath base path '/actuator'
2021-07-29 00:07:12.662  INFO 18852 --- [main] o.s.c.n.eureka.InstanceInfoFactory       : Setting initial instance status as: STARTING
2021-07-29 00:07:12.724  INFO 18852 --- [main] com.netflix.discovery.DiscoveryClient    : Initializing Eureka in region us-east-1
2021-07-29 00:07:12.747  INFO 18852 --- [main] c.n.d.s.r.aws.ConfigClusterResolver      : Resolving eureka endpoints via configuration
2021-07-29 00:07:12.882  INFO 18852 --- [main] com.netflix.discovery.DiscoveryClient    : Disable delta property : false
2021-07-29 00:07:12.882  INFO 18852 --- [main] com.netflix.discovery.DiscoveryClient    : Single vip registry refresh property : null
2021-07-29 00:07:12.883  INFO 18852 --- [main] com.netflix.discovery.DiscoveryClient    : Force full registry fetch : false
2021-07-29 00:07:12.883  INFO 18852 --- [main] com.netflix.discovery.DiscoveryClient    : Application is null : false
2021-07-29 00:07:12.883  INFO 18852 --- [main] com.netflix.discovery.DiscoveryClient    : Registered Applications size is zero : true
2021-07-29 00:07:12.883  INFO 18852 --- [main] com.netflix.discovery.DiscoveryClient    : Application version is -1: true
2021-07-29 00:07:12.884  INFO 18852 --- [main] com.netflix.discovery.DiscoveryClient    : Getting all instance registry info from the eureka server
2021-07-29 00:07:14.861  INFO 18852 --- [main] com.netflix.discovery.DiscoveryClient    : The response status is 200
2021-07-29 00:07:14.863  INFO 18852 --- [main] com.netflix.discovery.DiscoveryClient    : Starting heartbeat executor: renew interval is: 30
2021-07-29 00:07:14.866  INFO 18852 --- [main] c.n.discovery.InstanceInfoReplicator     : InstanceInfoReplicator onDemand update allowed rate per min is 4
2021-07-29 00:07:14.870  INFO 18852 --- [main] com.netflix.discovery.DiscoveryClient    : Discovery Client initialized at timestamp 1627497434869 with initial instances count: 0
2021-07-29 00:07:14.873  INFO 18852 --- [main] o.s.c.n.e.s.EurekaServiceRegistry        : Registering application DELIVERYMS with eureka with status UP
2021-07-29 00:07:14.873  INFO 18852 --- [main] com.netflix.discovery.DiscoveryClient    : Saw local status change event StatusChangeEvent [timestamp=1627497434873, current=UP, previous=STARTING]
2021-07-29 00:07:14.876  INFO 18852 --- [DiscoveryClient-InstanceInfoReplicator-0] com.netflix.discovery.DiscoveryClient    : DiscoveryClient_DELIVERYMS/HemanthVenkat:deliveryms:8484: registering service...
2021-07-29 00:07:14.911  INFO 18852 --- [main] o.s.b.w.embedded.tomcat.TomcatWebServer  : Tomcat started on port(s): 8484 (http) with context path ''
2021-07-29 00:07:14.912  INFO 18852 --- [main] .s.c.n.e.s.EurekaAutoServiceRegistration : Updating port to 8484
2021-07-29 00:07:15.111  INFO 18852 --- [DiscoveryClient-InstanceInfoReplicator-0] com.netflix.discovery.DiscoveryClient    : DiscoveryClient_DELIVERYMS/HemanthVenkat:deliveryms:8484 - registration status: 204
2021-07-29 00:07:15.213  INFO 18852 --- [main] c.t.s.deliveryms.DeliverymsApplication   : Started DeliverymsApplication in 18.369 seconds (JVM running for 20.69)
2021-07-29 00:07:44.878  INFO 18852 --- [DiscoveryClient-CacheRefreshExecutor-0] com.netflix.discovery.DiscoveryClient    : Disable delta property : false
2021-07-29 00:07:44.879  INFO 18852 --- [DiscoveryClient-CacheRefreshExecutor-0] com.netflix.discovery.DiscoveryClient    : Single vip registry refresh property : null
2021-07-29 00:07:44.879  INFO 18852 --- [DiscoveryClient-CacheRefreshExecutor-0] com.netflix.discovery.DiscoveryClient    : Force full registry fetch : false
2021-07-29 00:07:44.880  INFO 18852 --- [DiscoveryClient-CacheRefreshExecutor-0] com.netflix.discovery.DiscoveryClient    : Application is null : false
2021-07-29 00:07:44.880  INFO 18852 --- [DiscoveryClient-CacheRefreshExecutor-0] com.netflix.discovery.DiscoveryClient    : Registered Applications size is zero : true
2021-07-29 00:07:44.880  INFO 18852 --- [DiscoveryClient-CacheRefreshExecutor-0] com.netflix.discovery.DiscoveryClient    : Application version is -1: false
2021-07-29 00:07:44.880  INFO 18852 --- [DiscoveryClient-CacheRefreshExecutor-0] com.netflix.discovery.DiscoveryClient    : Getting all instance registry info from the eureka server
2021-07-29 00:07:44.902  INFO 18852 --- [DiscoveryClient-CacheRefreshExecutor-0] com.netflix.discovery.DiscoveryClient    : The response status is 200
2021-07-29 00:12:12.901  INFO 18852 --- [AsyncResolver-bootstrap-executor-0] c.n.d.s.r.aws.ConfigClusterResolver      : Resolving eureka endpoints via configuration
2021-07-29 00:16:51.863  INFO 18852 --- [http-nio-8484-exec-1] o.a.c.c.C.[Tomcat].[localhost].[/]       : Initializing Spring DispatcherServlet 'dispatcherServlet'
2021-07-29 00:16:51.917  INFO 18852 --- [http-nio-8484-exec-1] o.s.web.servlet.DispatcherServlet        : Initializing Servlet 'dispatcherServlet'
2021-07-29 00:16:52.658  INFO 18852 --- [http-nio-8484-exec-1] o.s.web.servlet.DispatcherServlet        : Completed initialization in 740 ms
2021-07-29 00:16:56.850  INFO 18852 --- [http-nio-8484-exec-5] o.springdoc.api.AbstractOpenApiResource  : Init duration for springdoc-openapi is: 1441 ms
2021-07-29 00:17:12.930  INFO 18852 --- [AsyncResolver-bootstrap-executor-0] c.n.d.s.r.aws.ConfigClusterResolver      : Resolving eureka endpoints via configuration
2021-07-29 00:22:12.958  INFO 18852 --- [AsyncResolver-bootstrap-executor-0] c.n.d.s.r.aws.ConfigClusterResolver      : Resolving eureka endpoints via configuration
2021-07-29 00:27:12.985  INFO 18852 --- [AsyncResolver-bootstrap-executor-0] c.n.d.s.r.aws.ConfigClusterResolver      : Resolving eureka endpoints via configuration
2021-07-29 00:30:40.802  WARN 18852 --- [http-nio-8484-exec-1] .w.s.m.s.DefaultHandlerExceptionResolver : Resolved [org.springframework.web.bind.MissingPathVariableException: Required URI template variable 'orderId' for method parameter type long is not present]
2021-07-29 00:30:46.713  WARN 18852 --- [http-nio-8484-exec-2] .w.s.m.s.DefaultHandlerExceptionResolver : Resolved [org.springframework.web.bind.MissingPathVariableException: Required URI template variable 'orderId' for method parameter type long is not present]
2021-07-29 00:30:53.063  WARN 18852 --- [http-nio-8484-exec-3] .w.s.m.s.DefaultHandlerExceptionResolver : Resolved [org.springframework.web.bind.MissingPathVariableException: Required URI template variable 'orderId' for method parameter type long is not present]
2021-07-29 00:31:04.000  WARN 18852 --- [http-nio-8484-exec-4] .w.s.m.s.DefaultHandlerExceptionResolver : Resolved [org.springframework.web.bind.MissingPathVariableException: Required URI template variable 'orderId' for method parameter type long is not present]
2021-07-29 00:31:18.801  WARN 18852 --- [http-nio-8484-exec-5] .w.s.m.s.DefaultHandlerExceptionResolver : Resolved [org.springframework.web.bind.MissingPathVariableException: Required URI template variable 'orderId' for method parameter type long is not present]
2021-07-29 00:31:19.458  WARN 18852 --- [http-nio-8484-exec-6] .w.s.m.s.DefaultHandlerExceptionResolver : Resolved [org.springframework.web.bind.MissingPathVariableException: Required URI template variable 'orderId' for method parameter type long is not present]
2021-07-29 00:31:22.416  WARN 18852 --- [http-nio-8484-exec-7] .w.s.m.s.DefaultHandlerExceptionResolver : Resolved [org.springframework.web.bind.MissingPathVariableException: Required URI template variable 'orderId' for method parameter type long is not present]
2021-07-29 00:32:13.026  INFO 18852 --- [AsyncResolver-bootstrap-executor-0] c.n.d.s.r.aws.ConfigClusterResolver      : Resolving eureka endpoints via configuration
2021-07-29 00:37:13.037  INFO 18852 --- [AsyncResolver-bootstrap-executor-0] c.n.d.s.r.aws.ConfigClusterResolver      : Resolving eureka endpoints via configuration
2021-07-29 00:38:52.918  INFO 36388 --- [main] c.t.s.deliveryms.DeliverymsApplication   : Starting DeliverymsApplication using Java 1.8.0_291 on HemanthVenkat with PID 36388 (C:\Users\Hemanth Venkat\Desktop\CAPGEMINI\workspace\stockmanagementapplication\deliveryms\build\classes\java\main started by Hemanth Venkat in C:\Users\Hemanth Venkat\Desktop\CAPGEMINI\workspace\stockmanagementapplication\deliveryms)
2021-07-29 00:38:52.922 DEBUG 36388 --- [main] c.t.s.deliveryms.DeliverymsApplication   : Running with Spring Boot v2.5.3, Spring v5.3.9
2021-07-29 00:38:52.922  INFO 36388 --- [main] c.t.s.deliveryms.DeliverymsApplication   : No active profile set, falling back to default profiles: default
2021-07-29 00:38:54.719  INFO 36388 --- [main] .s.d.r.c.RepositoryConfigurationDelegate : Bootstrapping Spring Data JPA repositories in DEFAULT mode.
2021-07-29 00:38:54.834  INFO 36388 --- [main] .s.d.r.c.RepositoryConfigurationDelegate : Finished Spring Data repository scanning in 100 ms. Found 1 JPA repository interfaces.
2021-07-29 00:38:55.205  INFO 36388 --- [main] o.s.cloud.context.scope.GenericScope     : BeanFactory id=148a7f3e-383b-32a6-be12-d9704463dbb9
2021-07-29 00:38:56.026  INFO 36388 --- [main] o.s.b.w.embedded.tomcat.TomcatWebServer  : Tomcat initialized with port(s): 8484 (http)
2021-07-29 00:38:56.054  INFO 36388 --- [main] o.apache.catalina.core.StandardService   : Starting service [Tomcat]
2021-07-29 00:38:56.055  INFO 36388 --- [main] org.apache.catalina.core.StandardEngine  : Starting Servlet engine: [Apache Tomcat/9.0.50]
2021-07-29 00:38:56.215  INFO 36388 --- [main] o.a.c.c.C.[Tomcat].[localhost].[/]       : Initializing Spring embedded WebApplicationContext
2021-07-29 00:38:56.215  INFO 36388 --- [main] w.s.c.ServletWebServerApplicationContext : Root WebApplicationContext: initialization completed in 3232 ms
2021-07-29 00:38:56.619  INFO 36388 --- [main] o.hibernate.jpa.internal.util.LogHelper  : HHH000204: Processing PersistenceUnitInfo [name: default]
2021-07-29 00:38:56.695  INFO 36388 --- [main] org.hibernate.Version                    : HHH000412: Hibernate ORM core version 5.4.32.Final
2021-07-29 00:38:56.958  INFO 36388 --- [main] o.hibernate.annotations.common.Version   : HCANN000001: Hibernate Commons Annotations {5.1.2.Final}
2021-07-29 00:38:57.154  INFO 36388 --- [main] com.zaxxer.hikari.HikariDataSource       : HikariPool-1 - Starting...
2021-07-29 00:38:57.717  INFO 36388 --- [main] com.zaxxer.hikari.HikariDataSource       : HikariPool-1 - Start completed.
2021-07-29 00:38:57.741  INFO 36388 --- [main] org.hibernate.dialect.Dialect            : HHH000400: Using dialect: org.hibernate.dialect.PostgreSQL95Dialect
2021-07-29 00:38:59.041  INFO 36388 --- [main] o.h.e.t.j.p.i.JtaPlatformInitiator       : HHH000490: Using JtaPlatform implementation: [org.hibernate.engine.transaction.jta.platform.internal.NoJtaPlatform]
2021-07-29 00:38:59.051  INFO 36388 --- [main] j.LocalContainerEntityManagerFactoryBean : Initialized JPA EntityManagerFactory for persistence unit 'default'
2021-07-29 00:38:59.735  WARN 36388 --- [main] JpaBaseConfiguration$JpaWebConfiguration : spring.jpa.open-in-view is enabled by default. Therefore, database queries may be performed during view rendering. Explicitly configure spring.jpa.open-in-view to disable this warning
2021-07-29 00:39:01.579  INFO 36388 --- [main] DiscoveryClientOptionalArgsConfiguration : Eureka HTTP Client uses RestTemplate.
2021-07-29 00:39:01.635  WARN 36388 --- [main] iguration$LoadBalancerCaffeineWarnLogger : Spring Cloud LoadBalancer is currently working with the default cache. You can switch to using Caffeine cache, by adding it and org.springframework.cache.caffeine.CaffeineCacheManager to the classpath.
2021-07-29 00:39:01.643  INFO 36388 --- [main] o.s.b.a.e.web.EndpointLinksResolver      : Exposing 17 endpoint(s) beneath base path '/actuator'
2021-07-29 00:39:01.686  INFO 36388 --- [main] o.s.c.n.eureka.InstanceInfoFactory       : Setting initial instance status as: STARTING
2021-07-29 00:39:01.782  INFO 36388 --- [main] com.netflix.discovery.DiscoveryClient    : Initializing Eureka in region us-east-1
2021-07-29 00:39:01.788  INFO 36388 --- [main] c.n.d.s.r.aws.ConfigClusterResolver      : Resolving eureka endpoints via configuration
2021-07-29 00:39:01.812  INFO 36388 --- [main] com.netflix.discovery.DiscoveryClient    : Disable delta property : false
2021-07-29 00:39:01.812  INFO 36388 --- [main] com.netflix.discovery.DiscoveryClient    : Single vip registry refresh property : null
2021-07-29 00:39:01.812  INFO 36388 --- [main] com.netflix.discovery.DiscoveryClient    : Force full registry fetch : false
2021-07-29 00:39:01.812  INFO 36388 --- [main] com.netflix.discovery.DiscoveryClient    : Application is null : false
2021-07-29 00:39:01.812  INFO 36388 --- [main] com.netflix.discovery.DiscoveryClient    : Registered Applications size is zero : true
2021-07-29 00:39:01.812  INFO 36388 --- [main] com.netflix.discovery.DiscoveryClient    : Application version is -1: true
2021-07-29 00:39:01.813  INFO 36388 --- [main] com.netflix.discovery.DiscoveryClient    : Getting all instance registry info from the eureka server
2021-07-29 00:39:02.205  INFO 36388 --- [main] com.netflix.discovery.DiscoveryClient    : The response status is 200
2021-07-29 00:39:02.208  INFO 36388 --- [main] com.netflix.discovery.DiscoveryClient    : Starting heartbeat executor: renew interval is: 30
2021-07-29 00:39:02.210  INFO 36388 --- [main] c.n.discovery.InstanceInfoReplicator     : InstanceInfoReplicator onDemand update allowed rate per min is 4
2021-07-29 00:39:02.215  INFO 36388 --- [main] com.netflix.discovery.DiscoveryClient    : Discovery Client initialized at timestamp 1627499342214 with initial instances count: 5
2021-07-29 00:39:02.217  INFO 36388 --- [main] o.s.c.n.e.s.EurekaServiceRegistry        : Registering application DELIVERYMS with eureka with status UP
2021-07-29 00:39:02.217  INFO 36388 --- [main] com.netflix.discovery.DiscoveryClient    : Saw local status change event StatusChangeEvent [timestamp=1627499342217, current=UP, previous=STARTING]
2021-07-29 00:39:02.219  INFO 36388 --- [DiscoveryClient-InstanceInfoReplicator-0] com.netflix.discovery.DiscoveryClient    : DiscoveryClient_DELIVERYMS/HemanthVenkat:deliveryms:8484: registering service...
2021-07-29 00:39:02.244  INFO 36388 --- [main] o.s.b.w.embedded.tomcat.TomcatWebServer  : Tomcat started on port(s): 8484 (http) with context path ''
2021-07-29 00:39:02.245  INFO 36388 --- [main] .s.c.n.e.s.EurekaAutoServiceRegistration : Updating port to 8484
2021-07-29 00:39:02.322  INFO 36388 --- [DiscoveryClient-InstanceInfoReplicator-0] com.netflix.discovery.DiscoveryClient    : DiscoveryClient_DELIVERYMS/HemanthVenkat:deliveryms:8484 - registration status: 204
2021-07-29 00:39:02.544  INFO 36388 --- [main] c.t.s.deliveryms.DeliverymsApplication   : Started DeliverymsApplication in 10.641 seconds (JVM running for 11.324)
2021-07-29 00:40:43.562  INFO 36388 --- [http-nio-8484-exec-1] o.a.c.c.C.[Tomcat].[localhost].[/]       : Initializing Spring DispatcherServlet 'dispatcherServlet'
2021-07-29 00:40:43.563  INFO 36388 --- [http-nio-8484-exec-1] o.s.web.servlet.DispatcherServlet        : Initializing Servlet 'dispatcherServlet'
2021-07-29 00:40:43.566  INFO 36388 --- [http-nio-8484-exec-1] o.s.web.servlet.DispatcherServlet        : Completed initialization in 2 ms
2021-07-29 00:40:44.237  INFO 36388 --- [http-nio-8484-exec-4] o.springdoc.api.AbstractOpenApiResource  : Init duration for springdoc-openapi is: 197 ms
2021-07-29 00:44:01.822  INFO 36388 --- [AsyncResolver-bootstrap-executor-0] c.n.d.s.r.aws.ConfigClusterResolver      : Resolving eureka endpoints via configuration
2021-07-29 10:25:10.205  INFO 30780 --- [main] c.t.s.deliveryms.DeliverymsApplication   : Starting DeliverymsApplication using Java 1.8.0_291 on HemanthVenkat with PID 30780 (C:\Users\Hemanth Venkat\Desktop\CAPGEMINI\workspace\stockmanagementapplication\deliveryms\build\classes\java\main started by Hemanth Venkat in C:\Users\Hemanth Venkat\Desktop\CAPGEMINI\workspace\stockmanagementapplication\deliveryms)
2021-07-29 10:25:10.224 DEBUG 30780 --- [main] c.t.s.deliveryms.DeliverymsApplication   : Running with Spring Boot v2.5.3, Spring v5.3.9
2021-07-29 10:25:10.224  INFO 30780 --- [main] c.t.s.deliveryms.DeliverymsApplication   : No active profile set, falling back to default profiles: default
2021-07-29 10:25:13.466  INFO 30780 --- [main] .s.d.r.c.RepositoryConfigurationDelegate : Bootstrapping Spring Data JPA repositories in DEFAULT mode.
2021-07-29 10:25:13.694  INFO 30780 --- [main] .s.d.r.c.RepositoryConfigurationDelegate : Finished Spring Data repository scanning in 186 ms. Found 1 JPA repository interfaces.
2021-07-29 10:25:14.161  INFO 30780 --- [main] o.s.cloud.context.scope.GenericScope     : BeanFactory id=148a7f3e-383b-32a6-be12-d9704463dbb9
2021-07-29 10:25:15.502  INFO 30780 --- [main] o.s.b.w.embedded.tomcat.TomcatWebServer  : Tomcat initialized with port(s): 8484 (http)
2021-07-29 10:25:15.514  INFO 30780 --- [main] o.apache.catalina.core.StandardService   : Starting service [Tomcat]
2021-07-29 10:25:15.515  INFO 30780 --- [main] org.apache.catalina.core.StandardEngine  : Starting Servlet engine: [Apache Tomcat/9.0.50]
2021-07-29 10:25:15.751  INFO 30780 --- [main] o.a.c.c.C.[Tomcat].[localhost].[/]       : Initializing Spring embedded WebApplicationContext
2021-07-29 10:25:15.751  INFO 30780 --- [main] w.s.c.ServletWebServerApplicationContext : Root WebApplicationContext: initialization completed in 5451 ms
2021-07-29 10:25:16.224  INFO 30780 --- [main] o.hibernate.jpa.internal.util.LogHelper  : HHH000204: Processing PersistenceUnitInfo [name: default]
2021-07-29 10:25:16.345  INFO 30780 --- [main] org.hibernate.Version                    : HHH000412: Hibernate ORM core version 5.4.32.Final
2021-07-29 10:25:16.686  INFO 30780 --- [main] o.hibernate.annotations.common.Version   : HCANN000001: Hibernate Commons Annotations {5.1.2.Final}
2021-07-29 10:25:16.871  INFO 30780 --- [main] com.zaxxer.hikari.HikariDataSource       : HikariPool-1 - Starting...
2021-07-29 10:25:17.470  INFO 30780 --- [main] com.zaxxer.hikari.HikariDataSource       : HikariPool-1 - Start completed.
2021-07-29 10:25:17.494  INFO 30780 --- [main] org.hibernate.dialect.Dialect            : HHH000400: Using dialect: org.hibernate.dialect.PostgreSQL95Dialect
2021-07-29 10:25:18.846  INFO 30780 --- [main] o.h.e.t.j.p.i.JtaPlatformInitiator       : HHH000490: Using JtaPlatform implementation: [org.hibernate.engine.transaction.jta.platform.internal.NoJtaPlatform]
2021-07-29 10:25:18.860  INFO 30780 --- [main] j.LocalContainerEntityManagerFactoryBean : Initialized JPA EntityManagerFactory for persistence unit 'default'
2021-07-29 10:25:19.837  WARN 30780 --- [main] JpaBaseConfiguration$JpaWebConfiguration : spring.jpa.open-in-view is enabled by default. Therefore, database queries may be performed during view rendering. Explicitly configure spring.jpa.open-in-view to disable this warning
2021-07-29 10:25:22.065  INFO 30780 --- [main] DiscoveryClientOptionalArgsConfiguration : Eureka HTTP Client uses RestTemplate.
2021-07-29 10:25:22.139  WARN 30780 --- [main] iguration$LoadBalancerCaffeineWarnLogger : Spring Cloud LoadBalancer is currently working with the default cache. You can switch to using Caffeine cache, by adding it and org.springframework.cache.caffeine.CaffeineCacheManager to the classpath.
2021-07-29 10:25:22.145  INFO 30780 --- [main] o.s.b.a.e.web.EndpointLinksResolver      : Exposing 17 endpoint(s) beneath base path '/actuator'
2021-07-29 10:25:22.194  INFO 30780 --- [main] o.s.c.n.eureka.InstanceInfoFactory       : Setting initial instance status as: STARTING
2021-07-29 10:25:22.275  INFO 30780 --- [main] com.netflix.discovery.DiscoveryClient    : Initializing Eureka in region us-east-1
2021-07-29 10:25:22.282  INFO 30780 --- [main] c.n.d.s.r.aws.ConfigClusterResolver      : Resolving eureka endpoints via configuration
2021-07-29 10:25:22.306  INFO 30780 --- [main] com.netflix.discovery.DiscoveryClient    : Disable delta property : false
2021-07-29 10:25:22.306  INFO 30780 --- [main] com.netflix.discovery.DiscoveryClient    : Single vip registry refresh property : null
2021-07-29 10:25:22.306  INFO 30780 --- [main] com.netflix.discovery.DiscoveryClient    : Force full registry fetch : false
2021-07-29 10:25:22.307  INFO 30780 --- [main] com.netflix.discovery.DiscoveryClient    : Application is null : false
2021-07-29 10:25:22.307  INFO 30780 --- [main] com.netflix.discovery.DiscoveryClient    : Registered Applications size is zero : true
2021-07-29 10:25:22.307  INFO 30780 --- [main] com.netflix.discovery.DiscoveryClient    : Application version is -1: true
2021-07-29 10:25:22.307  INFO 30780 --- [main] com.netflix.discovery.DiscoveryClient    : Getting all instance registry info from the eureka server
2021-07-29 10:25:22.793  INFO 30780 --- [main] com.netflix.discovery.DiscoveryClient    : The response status is 200
2021-07-29 10:25:22.796  INFO 30780 --- [main] com.netflix.discovery.DiscoveryClient    : Starting heartbeat executor: renew interval is: 30
2021-07-29 10:25:22.798  INFO 30780 --- [main] c.n.discovery.InstanceInfoReplicator     : InstanceInfoReplicator onDemand update allowed rate per min is 4
2021-07-29 10:25:22.803  INFO 30780 --- [main] com.netflix.discovery.DiscoveryClient    : Discovery Client initialized at timestamp 1627534522802 with initial instances count: 3
2021-07-29 10:25:22.805  INFO 30780 --- [main] o.s.c.n.e.s.EurekaServiceRegistry        : Registering application DELIVERYMS with eureka with status UP
2021-07-29 10:25:22.806  INFO 30780 --- [main] com.netflix.discovery.DiscoveryClient    : Saw local status change event StatusChangeEvent [timestamp=1627534522805, current=UP, previous=STARTING]
2021-07-29 10:25:22.808  INFO 30780 --- [DiscoveryClient-InstanceInfoReplicator-0] com.netflix.discovery.DiscoveryClient    : DiscoveryClient_DELIVERYMS/HemanthVenkat:deliveryms:8484: registering service...
2021-07-29 10:25:22.847  INFO 30780 --- [main] o.s.b.w.embedded.tomcat.TomcatWebServer  : Tomcat started on port(s): 8484 (http) with context path ''
2021-07-29 10:25:22.848  INFO 30780 --- [main] .s.c.n.e.s.EurekaAutoServiceRegistration : Updating port to 8484
2021-07-29 10:25:22.918  INFO 30780 --- [DiscoveryClient-InstanceInfoReplicator-0] com.netflix.discovery.DiscoveryClient    : DiscoveryClient_DELIVERYMS/HemanthVenkat:deliveryms:8484 - registration status: 204
2021-07-29 10:25:23.151  INFO 30780 --- [main] c.t.s.deliveryms.DeliverymsApplication   : Started DeliverymsApplication in 14.148 seconds (JVM running for 15.334)
2021-07-29 10:28:55.681  INFO 30780 --- [http-nio-8484-exec-1] o.a.c.c.C.[Tomcat].[localhost].[/]       : Initializing Spring DispatcherServlet 'dispatcherServlet'
2021-07-29 10:28:55.681  INFO 30780 --- [http-nio-8484-exec-1] o.s.web.servlet.DispatcherServlet        : Initializing Servlet 'dispatcherServlet'
2021-07-29 10:28:55.683  INFO 30780 --- [http-nio-8484-exec-1] o.s.web.servlet.DispatcherServlet        : Completed initialization in 2 ms
2021-07-29 10:28:56.861  INFO 30780 --- [http-nio-8484-exec-6] o.springdoc.api.AbstractOpenApiResource  : Init duration for springdoc-openapi is: 264 ms
2021-07-29 10:30:22.312  INFO 30780 --- [AsyncResolver-bootstrap-executor-0] c.n.d.s.r.aws.ConfigClusterResolver      : Resolving eureka endpoints via configuration
2021-07-29 10:35:22.323  INFO 30780 --- [AsyncResolver-bootstrap-executor-0] c.n.d.s.r.aws.ConfigClusterResolver      : Resolving eureka endpoints via configuration
2021-07-29 10:40:22.338  INFO 30780 --- [AsyncResolver-bootstrap-executor-0] c.n.d.s.r.aws.ConfigClusterResolver      : Resolving eureka endpoints via configuration
2021-07-29 10:45:22.348  INFO 30780 --- [AsyncResolver-bootstrap-executor-0] c.n.d.s.r.aws.ConfigClusterResolver      : Resolving eureka endpoints via configuration
2021-07-29 10:50:22.354  INFO 30780 --- [AsyncResolver-bootstrap-executor-0] c.n.d.s.r.aws.ConfigClusterResolver      : Resolving eureka endpoints via configuration
2021-07-29 10:55:04.922  INFO 28380 --- [main] c.t.s.deliveryms.DeliverymsApplication   : Starting DeliverymsApplication using Java 1.8.0_291 on HemanthVenkat with PID 28380 (C:\Users\Hemanth Venkat\Desktop\CAPGEMINI\workspace\stockmanagementapplication\deliveryms\build\classes\java\main started by Hemanth Venkat in C:\Users\Hemanth Venkat\Desktop\CAPGEMINI\workspace\stockmanagementapplication\deliveryms)
2021-07-29 10:55:04.926 DEBUG 28380 --- [main] c.t.s.deliveryms.DeliverymsApplication   : Running with Spring Boot v2.5.3, Spring v5.3.9
2021-07-29 10:55:04.926  INFO 28380 --- [main] c.t.s.deliveryms.DeliverymsApplication   : No active profile set, falling back to default profiles: default
2021-07-29 10:55:06.939  INFO 28380 --- [main] .s.d.r.c.RepositoryConfigurationDelegate : Bootstrapping Spring Data JPA repositories in DEFAULT mode.
2021-07-29 10:55:07.035  INFO 28380 --- [main] .s.d.r.c.RepositoryConfigurationDelegate : Finished Spring Data repository scanning in 82 ms. Found 1 JPA repository interfaces.
2021-07-29 10:55:07.412  INFO 28380 --- [main] o.s.cloud.context.scope.GenericScope     : BeanFactory id=148a7f3e-383b-32a6-be12-d9704463dbb9
2021-07-29 10:55:08.488  INFO 28380 --- [main] o.s.b.w.embedded.tomcat.TomcatWebServer  : Tomcat initialized with port(s): 8484 (http)
2021-07-29 10:55:08.533  INFO 28380 --- [main] o.apache.catalina.core.StandardService   : Starting service [Tomcat]
2021-07-29 10:55:08.535  INFO 28380 --- [main] org.apache.catalina.core.StandardEngine  : Starting Servlet engine: [Apache Tomcat/9.0.50]
2021-07-29 10:55:08.726  INFO 28380 --- [main] o.a.c.c.C.[Tomcat].[localhost].[/]       : Initializing Spring embedded WebApplicationContext
2021-07-29 10:55:08.727  INFO 28380 --- [main] w.s.c.ServletWebServerApplicationContext : Root WebApplicationContext: initialization completed in 3673 ms
2021-07-29 10:55:09.109  INFO 28380 --- [main] o.hibernate.jpa.internal.util.LogHelper  : HHH000204: Processing PersistenceUnitInfo [name: default]
2021-07-29 10:55:09.196  INFO 28380 --- [main] org.hibernate.Version                    : HHH000412: Hibernate ORM core version 5.4.32.Final
2021-07-29 10:55:09.413  INFO 28380 --- [main] o.hibernate.annotations.common.Version   : HCANN000001: Hibernate Commons Annotations {5.1.2.Final}
2021-07-29 10:55:09.590  INFO 28380 --- [main] com.zaxxer.hikari.HikariDataSource       : HikariPool-1 - Starting...
2021-07-29 10:55:10.234  INFO 28380 --- [main] com.zaxxer.hikari.HikariDataSource       : HikariPool-1 - Start completed.
2021-07-29 10:55:10.260  INFO 28380 --- [main] org.hibernate.dialect.Dialect            : HHH000400: Using dialect: org.hibernate.dialect.PostgreSQL95Dialect
2021-07-29 10:55:11.581  INFO 28380 --- [main] o.h.e.t.j.p.i.JtaPlatformInitiator       : HHH000490: Using JtaPlatform implementation: [org.hibernate.engine.transaction.jta.platform.internal.NoJtaPlatform]
2021-07-29 10:55:11.593  INFO 28380 --- [main] j.LocalContainerEntityManagerFactoryBean : Initialized JPA EntityManagerFactory for persistence unit 'default'
2021-07-29 10:55:12.573  WARN 28380 --- [main] JpaBaseConfiguration$JpaWebConfiguration : spring.jpa.open-in-view is enabled by default. Therefore, database queries may be performed during view rendering. Explicitly configure spring.jpa.open-in-view to disable this warning
2021-07-29 10:55:14.602  INFO 28380 --- [main] DiscoveryClientOptionalArgsConfiguration : Eureka HTTP Client uses RestTemplate.
2021-07-29 10:55:14.680  WARN 28380 --- [main] iguration$LoadBalancerCaffeineWarnLogger : Spring Cloud LoadBalancer is currently working with the default cache. You can switch to using Caffeine cache, by adding it and org.springframework.cache.caffeine.CaffeineCacheManager to the classpath.
2021-07-29 10:55:14.688  INFO 28380 --- [main] o.s.b.a.e.web.EndpointLinksResolver      : Exposing 17 endpoint(s) beneath base path '/actuator'
2021-07-29 10:55:14.729  INFO 28380 --- [main] o.s.c.n.eureka.InstanceInfoFactory       : Setting initial instance status as: STARTING
2021-07-29 10:55:14.841  INFO 28380 --- [main] com.netflix.discovery.DiscoveryClient    : Initializing Eureka in region us-east-1
2021-07-29 10:55:14.848  INFO 28380 --- [main] c.n.d.s.r.aws.ConfigClusterResolver      : Resolving eureka endpoints via configuration
2021-07-29 10:55:14.883  INFO 28380 --- [main] com.netflix.discovery.DiscoveryClient    : Disable delta property : false
2021-07-29 10:55:14.883  INFO 28380 --- [main] com.netflix.discovery.DiscoveryClient    : Single vip registry refresh property : null
2021-07-29 10:55:14.884  INFO 28380 --- [main] com.netflix.discovery.DiscoveryClient    : Force full registry fetch : false
2021-07-29 10:55:14.884  INFO 28380 --- [main] com.netflix.discovery.DiscoveryClient    : Application is null : false
2021-07-29 10:55:14.884  INFO 28380 --- [main] com.netflix.discovery.DiscoveryClient    : Registered Applications size is zero : true
2021-07-29 10:55:14.884  INFO 28380 --- [main] com.netflix.discovery.DiscoveryClient    : Application version is -1: true
2021-07-29 10:55:14.885  INFO 28380 --- [main] com.netflix.discovery.DiscoveryClient    : Getting all instance registry info from the eureka server
2021-07-29 10:55:15.378  INFO 28380 --- [main] com.netflix.discovery.DiscoveryClient    : The response status is 200
2021-07-29 10:55:15.382  INFO 28380 --- [main] com.netflix.discovery.DiscoveryClient    : Starting heartbeat executor: renew interval is: 30
2021-07-29 10:55:15.384  INFO 28380 --- [main] c.n.discovery.InstanceInfoReplicator     : InstanceInfoReplicator onDemand update allowed rate per min is 4
2021-07-29 10:55:15.390  INFO 28380 --- [main] com.netflix.discovery.DiscoveryClient    : Discovery Client initialized at timestamp 1627536315389 with initial instances count: 5
2021-07-29 10:55:15.392  INFO 28380 --- [main] o.s.c.n.e.s.EurekaServiceRegistry        : Registering application DELIVERYMS with eureka with status UP
2021-07-29 10:55:15.393  INFO 28380 --- [main] com.netflix.discovery.DiscoveryClient    : Saw local status change event StatusChangeEvent [timestamp=1627536315393, current=UP, previous=STARTING]
2021-07-29 10:55:15.395  INFO 28380 --- [DiscoveryClient-InstanceInfoReplicator-0] com.netflix.discovery.DiscoveryClient    : DiscoveryClient_DELIVERYMS/HemanthVenkat:deliveryms:8484: registering service...
2021-07-29 10:55:15.424  INFO 28380 --- [main] o.s.b.w.embedded.tomcat.TomcatWebServer  : Tomcat started on port(s): 8484 (http) with context path ''
2021-07-29 10:55:15.425  INFO 28380 --- [main] .s.c.n.e.s.EurekaAutoServiceRegistration : Updating port to 8484
2021-07-29 10:55:15.749  INFO 28380 --- [main] c.t.s.deliveryms.DeliverymsApplication   : Started DeliverymsApplication in 12.327 seconds (JVM running for 13.937)
2021-07-29 10:55:15.824  INFO 28380 --- [DiscoveryClient-InstanceInfoReplicator-0] com.netflix.discovery.DiscoveryClient    : DiscoveryClient_DELIVERYMS/HemanthVenkat:deliveryms:8484 - registration status: 204
2021-07-29 10:57:22.675  INFO 28380 --- [http-nio-8484-exec-1] o.a.c.c.C.[Tomcat].[localhost].[/]       : Initializing Spring DispatcherServlet 'dispatcherServlet'
2021-07-29 10:57:22.675  INFO 28380 --- [http-nio-8484-exec-1] o.s.web.servlet.DispatcherServlet        : Initializing Servlet 'dispatcherServlet'
2021-07-29 10:57:22.678  INFO 28380 --- [http-nio-8484-exec-1] o.s.web.servlet.DispatcherServlet        : Completed initialization in 2 ms
2021-07-29 10:57:23.506  INFO 28380 --- [http-nio-8484-exec-4] o.springdoc.api.AbstractOpenApiResource  : Init duration for springdoc-openapi is: 225 ms
2021-07-29 11:00:14.901  INFO 28380 --- [AsyncResolver-bootstrap-executor-0] c.n.d.s.r.aws.ConfigClusterResolver      : Resolving eureka endpoints via configuration
2021-07-29 11:05:14.909  INFO 28380 --- [AsyncResolver-bootstrap-executor-0] c.n.d.s.r.aws.ConfigClusterResolver      : Resolving eureka endpoints via configuration
2021-07-29 11:10:14.912  INFO 28380 --- [AsyncResolver-bootstrap-executor-0] c.n.d.s.r.aws.ConfigClusterResolver      : Resolving eureka endpoints via configuration
2021-07-29 11:12:31.126  INFO 12348 --- [main] c.t.s.deliveryms.DeliverymsApplication   : Starting DeliverymsApplication using Java 1.8.0_291 on HemanthVenkat with PID 12348 (C:\Users\Hemanth Venkat\Desktop\CAPGEMINI\workspace\stockmanagementapplication\deliveryms\build\classes\java\main started by Hemanth Venkat in C:\Users\Hemanth Venkat\Desktop\CAPGEMINI\workspace\stockmanagementapplication\deliveryms)
2021-07-29 11:12:31.149 DEBUG 12348 --- [main] c.t.s.deliveryms.DeliverymsApplication   : Running with Spring Boot v2.5.3, Spring v5.3.9
2021-07-29 11:12:31.149  INFO 12348 --- [main] c.t.s.deliveryms.DeliverymsApplication   : No active profile set, falling back to default profiles: default
2021-07-29 11:12:34.803  INFO 12348 --- [main] .s.d.r.c.RepositoryConfigurationDelegate : Bootstrapping Spring Data JPA repositories in DEFAULT mode.
2021-07-29 11:12:34.900  INFO 12348 --- [main] .s.d.r.c.RepositoryConfigurationDelegate : Finished Spring Data repository scanning in 84 ms. Found 1 JPA repository interfaces.
2021-07-29 11:12:35.171  INFO 12348 --- [main] o.s.cloud.context.scope.GenericScope     : BeanFactory id=148a7f3e-383b-32a6-be12-d9704463dbb9
2021-07-29 11:12:35.958  INFO 12348 --- [main] o.s.b.w.embedded.tomcat.TomcatWebServer  : Tomcat initialized with port(s): 8484 (http)
2021-07-29 11:12:35.975  INFO 12348 --- [main] o.apache.catalina.core.StandardService   : Starting service [Tomcat]
2021-07-29 11:12:35.975  INFO 12348 --- [main] org.apache.catalina.core.StandardEngine  : Starting Servlet engine: [Apache Tomcat/9.0.50]
2021-07-29 11:12:36.248  INFO 12348 --- [main] o.a.c.c.C.[Tomcat].[localhost].[/]       : Initializing Spring embedded WebApplicationContext
2021-07-29 11:12:36.249  INFO 12348 --- [main] w.s.c.ServletWebServerApplicationContext : Root WebApplicationContext: initialization completed in 5040 ms
2021-07-29 11:12:36.619  INFO 12348 --- [main] o.hibernate.jpa.internal.util.LogHelper  : HHH000204: Processing PersistenceUnitInfo [name: default]
2021-07-29 11:12:36.768  INFO 12348 --- [main] org.hibernate.Version                    : HHH000412: Hibernate ORM core version 5.4.32.Final
2021-07-29 11:12:37.060  INFO 12348 --- [main] o.hibernate.annotations.common.Version   : HCANN000001: Hibernate Commons Annotations {5.1.2.Final}
2021-07-29 11:12:37.257  INFO 12348 --- [main] com.zaxxer.hikari.HikariDataSource       : HikariPool-1 - Starting...
2021-07-29 11:12:37.896  INFO 12348 --- [main] com.zaxxer.hikari.HikariDataSource       : HikariPool-1 - Start completed.
2021-07-29 11:12:37.921  INFO 12348 --- [main] org.hibernate.dialect.Dialect            : HHH000400: Using dialect: org.hibernate.dialect.PostgreSQL95Dialect
2021-07-29 11:12:39.437  INFO 12348 --- [main] o.h.e.t.j.p.i.JtaPlatformInitiator       : HHH000490: Using JtaPlatform implementation: [org.hibernate.engine.transaction.jta.platform.internal.NoJtaPlatform]
2021-07-29 11:12:39.454  INFO 12348 --- [main] j.LocalContainerEntityManagerFactoryBean : Initialized JPA EntityManagerFactory for persistence unit 'default'
2021-07-29 11:12:40.324  WARN 12348 --- [main] JpaBaseConfiguration$JpaWebConfiguration : spring.jpa.open-in-view is enabled by default. Therefore, database queries may be performed during view rendering. Explicitly configure spring.jpa.open-in-view to disable this warning
2021-07-29 11:12:42.392  INFO 12348 --- [main] DiscoveryClientOptionalArgsConfiguration : Eureka HTTP Client uses RestTemplate.
2021-07-29 11:12:42.451  WARN 12348 --- [main] iguration$LoadBalancerCaffeineWarnLogger : Spring Cloud LoadBalancer is currently working with the default cache. You can switch to using Caffeine cache, by adding it and org.springframework.cache.caffeine.CaffeineCacheManager to the classpath.
2021-07-29 11:12:42.458  INFO 12348 --- [main] o.s.b.a.e.web.EndpointLinksResolver      : Exposing 17 endpoint(s) beneath base path '/actuator'
2021-07-29 11:12:42.501  INFO 12348 --- [main] o.s.c.n.eureka.InstanceInfoFactory       : Setting initial instance status as: STARTING
2021-07-29 11:12:42.595  INFO 12348 --- [main] com.netflix.discovery.DiscoveryClient    : Initializing Eureka in region us-east-1
2021-07-29 11:12:42.600  INFO 12348 --- [main] c.n.d.s.r.aws.ConfigClusterResolver      : Resolving eureka endpoints via configuration
2021-07-29 11:12:42.625  INFO 12348 --- [main] com.netflix.discovery.DiscoveryClient    : Disable delta property : false
2021-07-29 11:12:42.625  INFO 12348 --- [main] com.netflix.discovery.DiscoveryClient    : Single vip registry refresh property : null
2021-07-29 11:12:42.625  INFO 12348 --- [main] com.netflix.discovery.DiscoveryClient    : Force full registry fetch : false
2021-07-29 11:12:42.625  INFO 12348 --- [main] com.netflix.discovery.DiscoveryClient    : Application is null : false
2021-07-29 11:12:42.625  INFO 12348 --- [main] com.netflix.discovery.DiscoveryClient    : Registered Applications size is zero : true
2021-07-29 11:12:42.625  INFO 12348 --- [main] com.netflix.discovery.DiscoveryClient    : Application version is -1: true
2021-07-29 11:12:42.626  INFO 12348 --- [main] com.netflix.discovery.DiscoveryClient    : Getting all instance registry info from the eureka server
2021-07-29 11:12:43.064  INFO 12348 --- [main] com.netflix.discovery.DiscoveryClient    : The response status is 200
2021-07-29 11:12:43.067  INFO 12348 --- [main] com.netflix.discovery.DiscoveryClient    : Starting heartbeat executor: renew interval is: 30
2021-07-29 11:12:43.071  INFO 12348 --- [main] c.n.discovery.InstanceInfoReplicator     : InstanceInfoReplicator onDemand update allowed rate per min is 4
2021-07-29 11:12:43.077  INFO 12348 --- [main] com.netflix.discovery.DiscoveryClient    : Discovery Client initialized at timestamp 1627537363076 with initial instances count: 5
2021-07-29 11:12:43.079  INFO 12348 --- [main] o.s.c.n.e.s.EurekaServiceRegistry        : Registering application DELIVERYMS with eureka with status UP
2021-07-29 11:12:43.079  INFO 12348 --- [main] com.netflix.discovery.DiscoveryClient    : Saw local status change event StatusChangeEvent [timestamp=1627537363079, current=UP, previous=STARTING]
2021-07-29 11:12:43.081  INFO 12348 --- [DiscoveryClient-InstanceInfoReplicator-0] com.netflix.discovery.DiscoveryClient    : DiscoveryClient_DELIVERYMS/HemanthVenkat:deliveryms:8484: registering service...
2021-07-29 11:12:43.108  INFO 12348 --- [main] o.s.b.w.embedded.tomcat.TomcatWebServer  : Tomcat started on port(s): 8484 (http) with context path ''
2021-07-29 11:12:43.109  INFO 12348 --- [main] .s.c.n.e.s.EurekaAutoServiceRegistration : Updating port to 8484
2021-07-29 11:12:43.276  INFO 12348 --- [DiscoveryClient-InstanceInfoReplicator-0] com.netflix.discovery.DiscoveryClient    : DiscoveryClient_DELIVERYMS/HemanthVenkat:deliveryms:8484 - registration status: 204
2021-07-29 11:12:43.437  INFO 12348 --- [main] c.t.s.deliveryms.DeliverymsApplication   : Started DeliverymsApplication in 14.554 seconds (JVM running for 15.956)
2021-07-29 11:12:51.418  INFO 12348 --- [http-nio-8484-exec-1] o.a.c.c.C.[Tomcat].[localhost].[/]       : Initializing Spring DispatcherServlet 'dispatcherServlet'
2021-07-29 11:12:51.419  INFO 12348 --- [http-nio-8484-exec-1] o.s.web.servlet.DispatcherServlet        : Initializing Servlet 'dispatcherServlet'
2021-07-29 11:12:51.421  INFO 12348 --- [http-nio-8484-exec-1] o.s.web.servlet.DispatcherServlet        : Completed initialization in 2 ms
2021-07-29 11:12:51.986  INFO 12348 --- [http-nio-8484-exec-3] o.springdoc.api.AbstractOpenApiResource  : Init duration for springdoc-openapi is: 247 ms
2021-07-29 11:17:43.028  INFO 12348 --- [AsyncResolver-bootstrap-executor-0] c.n.d.s.r.aws.ConfigClusterResolver      : Resolving eureka endpoints via configuration
2021-07-29 11:22:43.051  INFO 12348 --- [AsyncResolver-bootstrap-executor-0] c.n.d.s.r.aws.ConfigClusterResolver      : Resolving eureka endpoints via configuration
2021-07-29 11:27:43.063  INFO 12348 --- [AsyncResolver-bootstrap-executor-0] c.n.d.s.r.aws.ConfigClusterResolver      : Resolving eureka endpoints via configuration
2021-07-29 11:32:43.087  INFO 12348 --- [AsyncResolver-bootstrap-executor-0] c.n.d.s.r.aws.ConfigClusterResolver      : Resolving eureka endpoints via configuration
2021-07-29 11:37:43.109  INFO 12348 --- [AsyncResolver-bootstrap-executor-0] c.n.d.s.r.aws.ConfigClusterResolver      : Resolving eureka endpoints via configuration
2021-07-29 11:42:43.132  INFO 12348 --- [AsyncResolver-bootstrap-executor-0] c.n.d.s.r.aws.ConfigClusterResolver      : Resolving eureka endpoints via configuration
2021-07-29 11:47:43.134  INFO 12348 --- [AsyncResolver-bootstrap-executor-0] c.n.d.s.r.aws.ConfigClusterResolver      : Resolving eureka endpoints via configuration
2021-07-29 11:52:43.137  INFO 12348 --- [AsyncResolver-bootstrap-executor-0] c.n.d.s.r.aws.ConfigClusterResolver      : Resolving eureka endpoints via configuration
2021-07-29 11:57:43.139  INFO 12348 --- [AsyncResolver-bootstrap-executor-0] c.n.d.s.r.aws.ConfigClusterResolver      : Resolving eureka endpoints via configuration
2021-07-29 12:02:43.148  INFO 12348 --- [AsyncResolver-bootstrap-executor-0] c.n.d.s.r.aws.ConfigClusterResolver      : Resolving eureka endpoints via configuration
2021-07-29 12:07:43.158  INFO 12348 --- [AsyncResolver-bootstrap-executor-0] c.n.d.s.r.aws.ConfigClusterResolver      : Resolving eureka endpoints via configuration
2021-07-29 12:12:43.182  INFO 12348 --- [AsyncResolver-bootstrap-executor-0] c.n.d.s.r.aws.ConfigClusterResolver      : Resolving eureka endpoints via configuration
2021-07-29 12:17:43.201  INFO 12348 --- [AsyncResolver-bootstrap-executor-0] c.n.d.s.r.aws.ConfigClusterResolver      : Resolving eureka endpoints via configuration
2021-07-29 12:22:43.206  INFO 12348 --- [AsyncResolver-bootstrap-executor-0] c.n.d.s.r.aws.ConfigClusterResolver      : Resolving eureka endpoints via configuration
2021-07-29 12:27:43.222  INFO 12348 --- [AsyncResolver-bootstrap-executor-0] c.n.d.s.r.aws.ConfigClusterResolver      : Resolving eureka endpoints via configuration
2021-07-29 12:32:43.252  INFO 12348 --- [AsyncResolver-bootstrap-executor-0] c.n.d.s.r.aws.ConfigClusterResolver      : Resolving eureka endpoints via configuration
2021-07-29 12:37:43.265  INFO 12348 --- [AsyncResolver-bootstrap-executor-0] c.n.d.s.r.aws.ConfigClusterResolver      : Resolving eureka endpoints via configuration
2021-07-29 12:42:43.274  INFO 12348 --- [AsyncResolver-bootstrap-executor-0] c.n.d.s.r.aws.ConfigClusterResolver      : Resolving eureka endpoints via configuration
2021-07-29 12:47:43.308  INFO 12348 --- [AsyncResolver-bootstrap-executor-0] c.n.d.s.r.aws.ConfigClusterResolver      : Resolving eureka endpoints via configuration
2021-07-29 12:52:43.332  INFO 12348 --- [AsyncResolver-bootstrap-executor-0] c.n.d.s.r.aws.ConfigClusterResolver      : Resolving eureka endpoints via configuration
2021-07-29 12:57:43.398  INFO 12348 --- [AsyncResolver-bootstrap-executor-0] c.n.d.s.r.aws.ConfigClusterResolver      : Resolving eureka endpoints via configuration
2021-07-29 13:02:43.408  INFO 12348 --- [AsyncResolver-bootstrap-executor-0] c.n.d.s.r.aws.ConfigClusterResolver      : Resolving eureka endpoints via configuration
2021-07-29 13:07:43.411  INFO 12348 --- [AsyncResolver-bootstrap-executor-0] c.n.d.s.r.aws.ConfigClusterResolver      : Resolving eureka endpoints via configuration
2021-07-29 13:12:43.419  INFO 12348 --- [AsyncResolver-bootstrap-executor-0] c.n.d.s.r.aws.ConfigClusterResolver      : Resolving eureka endpoints via configuration
2021-07-29 13:17:43.445  INFO 12348 --- [AsyncResolver-bootstrap-executor-0] c.n.d.s.r.aws.ConfigClusterResolver      : Resolving eureka endpoints via configuration
2021-07-29 13:22:43.467  INFO 12348 --- [AsyncResolver-bootstrap-executor-0] c.n.d.s.r.aws.ConfigClusterResolver      : Resolving eureka endpoints via configuration
2021-07-29 13:27:43.486  INFO 12348 --- [AsyncResolver-bootstrap-executor-0] c.n.d.s.r.aws.ConfigClusterResolver      : Resolving eureka endpoints via configuration
2021-07-29 13:32:43.499  INFO 12348 --- [AsyncResolver-bootstrap-executor-0] c.n.d.s.r.aws.ConfigClusterResolver      : Resolving eureka endpoints via configuration
2021-07-29 13:37:43.529  INFO 12348 --- [AsyncResolver-bootstrap-executor-0] c.n.d.s.r.aws.ConfigClusterResolver      : Resolving eureka endpoints via configuration
2021-07-29 13:42:43.543  INFO 12348 --- [AsyncResolver-bootstrap-executor-0] c.n.d.s.r.aws.ConfigClusterResolver      : Resolving eureka endpoints via configuration
2021-07-29 13:47:43.554  INFO 12348 --- [AsyncResolver-bootstrap-executor-0] c.n.d.s.r.aws.ConfigClusterResolver      : Resolving eureka endpoints via configuration
2021-07-29 13:52:43.561  INFO 12348 --- [AsyncResolver-bootstrap-executor-0] c.n.d.s.r.aws.ConfigClusterResolver      : Resolving eureka endpoints via configuration
2021-07-29 13:57:43.602  INFO 12348 --- [AsyncResolver-bootstrap-executor-0] c.n.d.s.r.aws.ConfigClusterResolver      : Resolving eureka endpoints via configuration
